#
# A fatal error has been detected by the Java Runtime Environment:
#
#  EXCEPTION_ACCESS_VIOLATION (0xc0000005) at pc=0x00007ff969bd5cad, pid=13548, tid=8824
#
# JRE version: Java(TM) SE Runtime Environment 18.9 (11.0.15+8) (build 11.0.15+8-LTS-149)
# Java VM: Java HotSpot(TM) 64-Bit Server VM 18.9 (11.0.15+8-LTS-149, mixed mode, tiered, compressed oops, g1 gc, windows-amd64)
# Problematic frame:
# V  [jvm.dll+0x655cad]
#
# No core dump will be written. Minidumps are not enabled by default on client versions of Windows
#
# If you would like to submit a bug report, please visit:
#   https://bugreport.java.com/bugreport/crash.jsp
#

---------------  S U M M A R Y ------------

Command Line: --add-opens=java.base/java.util=ALL-UNNAMED --add-opens=java.base/java.lang=ALL-UNNAMED --add-opens=java.base/java.lang.invoke=ALL-UNNAMED --add-opens=java.base/java.util=ALL-UNNAMED --add-opens=java.prefs/java.util.prefs=ALL-UNNAMED --add-opens=java.prefs/java.util.prefs=ALL-UNNAMED --add-opens=java.base/java.nio.charset=ALL-UNNAMED --add-opens=java.base/java.net=ALL-UNNAMED --add-opens=java.base/java.util.concurrent.atomic=ALL-UNNAMED -Xmx2048m -Dfile.encoding=UTF-8 -Duser.country=ID -Duser.language=en -Duser.variant org.gradle.launcher.daemon.bootstrap.GradleDaemon 7.3.3

Host: Intel(R) Xeon(R) CPU E31220 @ 3.10GHz, 4 cores, 7G,  Windows 10 , 64 bit Build 19041 (10.0.19041.1706)
Time: Fri May 27 23:08:53 2022 SE Asia Standard Time elapsed time: 2095.114432 seconds (0d 0h 34m 55s)

---------------  T H R E A D  ---------------

Current thread (0x0000028cc12f4000):  JavaThread "C2 CompilerThread0" daemon [_thread_in_native, id=8824, stack(0x000000d7fd400000,0x000000d7fd500000)]


Current CompileTask:
C2:2095114 28742 % !   4       com.android.ide.common.resources.MergedResourceWriter::postWriteAction @ 438 (1328 bytes)

Stack: [0x000000d7fd400000,0x000000d7fd500000],  sp=0x000000d7fd4fa920,  free space=1002k
Native frames: (J=compiled Java code, j=interpreted, Vv=VM code, C=native code)
V  [jvm.dll+0x655cad]
V  [jvm.dll+0x53d8a3]
V  [jvm.dll+0x20089d]
V  [jvm.dll+0x1fa64a]
V  [jvm.dll+0x1f762d]
V  [jvm.dll+0x177c51]
V  [jvm.dll+0x207026]
V  [jvm.dll+0x2051bb]
V  [jvm.dll+0x729820]
V  [jvm.dll+0x7223f4]
V  [jvm.dll+0x628c26]
C  [ucrtbase.dll+0x21bb2]
C  [KERNEL32.DLL+0x17034]
C  [ntdll.dll+0x52651]


siginfo: EXCEPTION_ACCESS_VIOLATION (0xc0000005), reading address 0xffffffffffffffff


Register to memory mapping:

RIP=0x00007ff969bd5cad jvm.dll
RAX=0x722f6e696c746f6b is an unknown value
RBX=0x0000028cc754ff98 points into unknown readable memory: 0x722f6e696c746f6b | 6b 6f 74 6c 69 6e 2f 72
RCX=0x0000028cc754ff98 points into unknown readable memory: 0x722f6e696c746f6b | 6b 6f 74 6c 69 6e 2f 72
RDX=0x0000028cc754ff98 points into unknown readable memory: 0x722f6e696c746f6b | 6b 6f 74 6c 69 6e 2f 72
RSP=0x000000d7fd4fa920 is pointing into the stack for thread: 0x0000028cc12f4000
RBP=0x0000000000004000 is an unknown value
RSI=0x0000028cc754ff98 points into unknown readable memory: 0x722f6e696c746f6b | 6b 6f 74 6c 69 6e 2f 72
RDI=0x0 is NULL
R8 =0x0000000000004000 is an unknown value
R9 =0x000000d7fd4fae80 is pointing into the stack for thread: 0x0000028cc12f4000
R10=0x0 is NULL
R11=0x0000028cc72b6b90 points into unknown readable memory: 0x0000028cc754bfe8 | e8 bf 54 c7 8c 02 00 00
R12=0x000000d7fd4fc458 is pointing into the stack for thread: 0x0000028cc12f4000
R13=0x0000000000000002 is an unknown value
R14=0x000000d7fd4fbaa0 is pointing into the stack for thread: 0x0000028cc12f4000
R15=0x0 is NULL


Registers:
RAX=0x722f6e696c746f6b, RBX=0x0000028cc754ff98, RCX=0x0000028cc754ff98, RDX=0x0000028cc754ff98
RSP=0x000000d7fd4fa920, RBP=0x0000000000004000, RSI=0x0000028cc754ff98, RDI=0x0000000000000000
R8 =0x0000000000004000, R9 =0x000000d7fd4fae80, R10=0x0000000000000000, R11=0x0000028cc72b6b90
R12=0x000000d7fd4fc458, R13=0x0000000000000002, R14=0x000000d7fd4fbaa0, R15=0x0000000000000000
RIP=0x00007ff969bd5cad, EFLAGS=0x0000000000010246

Top of Stack: (sp=0x000000d7fd4fa920)
0x000000d7fd4fa920:   0000028cc12d4d48 00007ff969b8a0af
0x000000d7fd4fa930:   0000000000000000 0000028cc12d4d48
0x000000d7fd4fa940:   0000000000000000 0000028cc12d4d48
0x000000d7fd4fa950:   000000d7fd4fba00 0000028cc5464850
0x000000d7fd4fa960:   0000000000000001 00007ff969abd8a3
0x000000d7fd4fa970:   000000d7fd4fae80 000000d7fd4faa70
0x000000d7fd4fa980:   000000d7fd4fae80 0000000000000002
0x000000d7fd4fa990:   0000028cc12e37a0 0000028c00001000
0x000000d7fd4fa9a0:   0000028cc5055db0 0000000000000000
0x000000d7fd4fa9b0:   00007ff969e393e0 0000028cc12e37a0
0x000000d7fd4fa9c0:   0000000000000200 0000028cc90710b0
0x000000d7fd4fa9d0:   0000028cc12e37a0 0000028cc5b89e70
0x000000d7fd4fa9e0:   000000000022a4a8 0000028cc5b89ec0
0x000000d7fd4fa9f0:   0000028cc5b91e58 0000028cc12e37a0
0x000000d7fd4faa00:   0000000000000004 0000028cc7a9bfb0
0x000000d7fd4faa10:   0000751a00000000 0000028cc929eee0 

Instructions: (pc=0x00007ff969bd5cad)
0x00007ff969bd5c8d:   6c 24 58 bd 00 40 00 00 48 89 74 24 60 4c 89 6c
0x00007ff969bd5c9d:   24 68 4c 89 7c 24 20 48 8b 30 48 8b ce 48 8b 06
0x00007ff969bd5cad:   ff 10 3d f8 00 00 00 75 0b 49 8b d6 48 8b ce e8
0x00007ff969bd5cbd:   0f 7b b2 ff 49 8b 04 24 83 78 08 00 0f 85 e8 01 


Stack slot to memory mapping:
stack at sp + 0 slots: 0x0000028cc12d4d48 points into unknown readable memory: 0x0000028cc12f4000 | 00 40 2f c1 8c 02 00 00
stack at sp + 1 slots: 0x00007ff969b8a0af jvm.dll
stack at sp + 2 slots: 0x0 is NULL
stack at sp + 3 slots: 0x0000028cc12d4d48 points into unknown readable memory: 0x0000028cc12f4000 | 00 40 2f c1 8c 02 00 00
stack at sp + 4 slots: 0x0 is NULL
stack at sp + 5 slots: 0x0000028cc12d4d48 points into unknown readable memory: 0x0000028cc12f4000 | 00 40 2f c1 8c 02 00 00
stack at sp + 6 slots: 0x000000d7fd4fba00 is pointing into the stack for thread: 0x0000028cc12f4000
stack at sp + 7 slots: 0x0000028cc5464850 points into unknown readable memory: 0x00007ff969dc2220 | 20 22 dc 69 f9 7f 00 00


---------------  P R O C E S S  ---------------

Threads class SMR info:
_java_thread_list=0x0000028ccd8bd6d0, length=89, elements={
0x0000028ca1be6800, 0x0000028cc12e6800, 0x0000028cc12de800, 0x0000028cc1c72800,
0x0000028cc12ee000, 0x0000028cc12ef000, 0x0000028cc12f4000, 0x0000028cc1304800,
0x0000028cc1307800, 0x0000028cc1dad000, 0x0000028cc41b0000, 0x0000028cc33f7000,
0x0000028cc4462800, 0x0000028cc458d000, 0x0000028cc4589800, 0x0000028cc458c000,
0x0000028cc4589000, 0x0000028cc458f800, 0x0000028cc5593000, 0x0000028cc558e000,
0x0000028cc5591800, 0x0000028cc558d800, 0x0000028cc5594000, 0x0000028cc4142000,
0x0000028cc413f800, 0x0000028ccd7b1000, 0x0000028ccb907800, 0x0000028ccd7a7800,
0x0000028ccd7a8000, 0x0000028cc7239000, 0x0000028cc723b800, 0x0000028ccd7aa800,
0x0000028ccd7a5000, 0x0000028ccd7a6000, 0x0000028ccd7aa000, 0x0000028ccd7ab800,
0x0000028ccd7ac800, 0x0000028ccd7a6800, 0x0000028ccd7ae000, 0x0000028ccd7ad000,
0x0000028ccd7af000, 0x0000028ccd7a9000, 0x0000028ccd7b3000, 0x0000028ccd7b2000,
0x0000028ccd7b3800, 0x0000028ccd7af800, 0x0000028ccd7b0800, 0x0000028cc723b000,
0x0000028cc723a000, 0x0000028cc7236000, 0x0000028cc7238800, 0x0000028cc7236800,
0x0000028cc723c800, 0x0000028cc723d800, 0x0000028cc7237800, 0x0000028cc7244000,
0x0000028cc7240800, 0x0000028cc723f000, 0x0000028cc723f800, 0x0000028cc723e000,
0x0000028cc7242000, 0x0000028cc7244800, 0x0000028cc7241800, 0x0000028cc7243000,
0x0000028ccb905800, 0x0000028ccb908000, 0x0000028ccb909000, 0x0000028ccb906800,
0x0000028ccb905000, 0x0000028ccb903000, 0x0000028ccb90d000, 0x0000028ccb90e000,
0x0000028ccb90c000, 0x0000028ccb90e800, 0x0000028ccb90b800, 0x0000028ccb90f800,
0x0000028ccb90a800, 0x0000028ccb90a000, 0x0000028ccb912000, 0x0000028ccb910800,
0x0000028ccb911000, 0x0000028cc4140800, 0x0000028cc4143000, 0x0000028cc4141800,
0x0000028cc413d800, 0x0000028cc4144000, 0x0000028cc413e000, 0x0000028cc4144800,
0x0000028cc8591800
}

Java Threads: ( => current thread )
  0x0000028ca1be6800 JavaThread "main" [_thread_blocked, id=14188, stack(0x000000d7fc800000,0x000000d7fc900000)]
  0x0000028cc12e6800 JavaThread "Reference Handler" daemon [_thread_blocked, id=7200, stack(0x000000d7fcf00000,0x000000d7fd000000)]
  0x0000028cc12de800 JavaThread "Finalizer" daemon [_thread_blocked, id=1672, stack(0x000000d7fd000000,0x000000d7fd100000)]
  0x0000028cc1c72800 JavaThread "Signal Dispatcher" daemon [_thread_blocked, id=10996, stack(0x000000d7fd100000,0x000000d7fd200000)]
  0x0000028cc12ee000 JavaThread "Attach Listener" daemon [_thread_blocked, id=12348, stack(0x000000d7fd200000,0x000000d7fd300000)]
  0x0000028cc12ef000 JavaThread "Service Thread" daemon [_thread_blocked, id=5800, stack(0x000000d7fd300000,0x000000d7fd400000)]
=>0x0000028cc12f4000 JavaThread "C2 CompilerThread0" daemon [_thread_in_native, id=8824, stack(0x000000d7fd400000,0x000000d7fd500000)]
  0x0000028cc1304800 JavaThread "C1 CompilerThread0" daemon [_thread_blocked, id=2012, stack(0x000000d7fd500000,0x000000d7fd600000)]
  0x0000028cc1307800 JavaThread "Sweeper thread" daemon [_thread_blocked, id=3480, stack(0x000000d7fd600000,0x000000d7fd700000)]
  0x0000028cc1dad000 JavaThread "Common-Cleaner" daemon [_thread_blocked, id=11308, stack(0x000000d7fd700000,0x000000d7fd800000)]
  0x0000028cc41b0000 JavaThread "Daemon health stats" [_thread_blocked, id=13412, stack(0x000000d7fdc00000,0x000000d7fdd00000)]
  0x0000028cc33f7000 JavaThread "Incoming local TCP Connector on port 62766" [_thread_in_native, id=6228, stack(0x000000d7fd900000,0x000000d7fda00000)]
  0x0000028cc4462800 JavaThread "Daemon periodic checks" [_thread_blocked, id=14196, stack(0x000000d7fdd00000,0x000000d7fde00000)]
  0x0000028cc458d000 JavaThread "Cache worker for journal cache (C:\Users\arpo1\.gradle\caches\journal-1)" [_thread_blocked, id=13180, stack(0x000000d7fe600000,0x000000d7fe700000)]
  0x0000028cc4589800 JavaThread "File lock request listener" [_thread_in_native, id=7948, stack(0x000000d7fe700000,0x000000d7fe800000)]
  0x0000028cc458c000 JavaThread "Cache worker for file hash cache (C:\Users\arpo1\.gradle\caches\7.3.3\fileHashes)" [_thread_blocked, id=6904, stack(0x000000d7fe800000,0x000000d7fe900000)]
  0x0000028cc4589000 JavaThread "File watcher server" daemon [_thread_in_native, id=5128, stack(0x000000d7feb00000,0x000000d7fec00000)]
  0x0000028cc458f800 JavaThread "File watcher consumer" daemon [_thread_blocked, id=3848, stack(0x000000d7fec00000,0x000000d7fed00000)]
  0x0000028cc5593000 JavaThread "Cache worker for execution history cache (C:\Users\arpo1\.gradle\caches\7.3.3\executionHistory)" [_thread_blocked, id=6768, stack(0x000000d7ff000000,0x000000d7ff100000)]
  0x0000028cc558e000 JavaThread "jar transforms" [_thread_blocked, id=11824, stack(0x000000d7ff100000,0x000000d7ff200000)]
  0x0000028cc5591800 JavaThread "Cache worker for file content cache (C:\Users\arpo1\.gradle\caches\7.3.3\fileContent)" [_thread_blocked, id=12304, stack(0x000000d7ff200000,0x000000d7ff300000)]
  0x0000028cc558d800 JavaThread "jar transforms Thread 2" [_thread_blocked, id=14300, stack(0x000000d7ff300000,0x000000d7ff400000)]
  0x0000028cc5594000 JavaThread "jar transforms Thread 3" [_thread_blocked, id=12276, stack(0x000000d7ff500000,0x000000d7ff600000)]
  0x0000028cc4142000 JavaThread "jar transforms Thread 4" [_thread_blocked, id=12360, stack(0x000000d781f00000,0x000000d782000000)]
  0x0000028cc413f800 JavaThread "Memory manager" [_thread_blocked, id=4504, stack(0x000000d782100000,0x000000d782200000)]
  0x0000028ccd7b1000 JavaThread "Cache worker for Java compile cache (C:\Users\arpo1\.gradle\caches\7.3.3\javaCompile)" [_thread_blocked, id=6792, stack(0x000000d784600000,0x000000d784700000)]
  0x0000028ccb907800 JavaThread "ForkJoinPool.commonPool-worker-1" daemon [_thread_blocked, id=1164, stack(0x000000d784c00000,0x000000d784d00000)]
  0x0000028ccd7a7800 JavaThread "Daemon Thread 6" [_thread_blocked, id=8688, stack(0x000000d780000000,0x000000d780100000)]
  0x0000028ccd7a8000 JavaThread "Daemon worker Thread 6" [_thread_in_Java, id=11440, stack(0x000000d780300000,0x000000d780400000)]
  0x0000028cc7239000 JavaThread "ForkJoinPool.commonPool-worker-5" daemon [_thread_blocked, id=13168, stack(0x000000d784b00000,0x000000d784c00000)]
  0x0000028cc723b800 JavaThread "ForkJoinPool.commonPool-worker-7" daemon [_thread_blocked, id=1468, stack(0x000000d784d00000,0x000000d784e00000)]
  0x0000028ccd7aa800 JavaThread "Handler for socket connection from /127.0.0.1:62766 to /127.0.0.1:64635" [_thread_in_native, id=7296, stack(0x000000d780100000,0x000000d780200000)]
  0x0000028ccd7a5000 JavaThread "Cancel handler" [_thread_blocked, id=12028, stack(0x000000d780200000,0x000000d780300000)]
  0x0000028ccd7a6000 JavaThread "Asynchronous log dispatcher for DefaultDaemonConnection: socket connection from /127.0.0.1:62766 to /127.0.0.1:64635" [_thread_blocked, id=11220, stack(0x000000d780400000,0x000000d780500000)]
  0x0000028ccd7aa000 JavaThread "Stdin handler" [_thread_blocked, id=12804, stack(0x000000d780500000,0x000000d780600000)]
  0x0000028ccd7ab800 JavaThread "Daemon client event forwarder" [_thread_blocked, id=7980, stack(0x000000d780600000,0x000000d780700000)]
  0x0000028ccd7ac800 JavaThread "Cache worker for file hash cache (C:\Users\arpo1\StudioProjects\kimak\.gradle\7.3.3\fileHashes)" [_thread_blocked, id=13072, stack(0x000000d780700000,0x000000d780800000)]
  0x0000028ccd7a6800 JavaThread "Cache worker for checksums cache (C:\Users\arpo1\StudioProjects\kimak\.gradle\7.3.3\checksums)" [_thread_blocked, id=11416, stack(0x000000d780800000,0x000000d780900000)]
  0x0000028ccd7ae000 JavaThread "Cache worker for cache directory md-supplier (C:\Users\arpo1\.gradle\caches\7.3.3\md-supplier)" [_thread_blocked, id=3460, stack(0x000000d780900000,0x000000d780a00000)]
  0x0000028ccd7ad000 JavaThread "Cache worker for cache directory md-rule (C:\Users\arpo1\.gradle\caches\7.3.3\md-rule)" [_thread_blocked, id=5376, stack(0x000000d780a00000,0x000000d780b00000)]
  0x0000028ccd7af000 JavaThread "Cache worker for dependencies-accessors (C:\Users\arpo1\StudioProjects\kimak\.gradle\7.3.3\dependencies-accessors)" [_thread_blocked, id=6568, stack(0x000000d780b00000,0x000000d780c00000)]
  0x0000028ccd7a9000 JavaThread "Cache worker for Build Output Cleanup Cache (C:\Users\arpo1\StudioProjects\kimak\.gradle\buildOutputCleanup)" [_thread_blocked, id=4776, stack(0x000000d780c00000,0x000000d780d00000)]
  0x0000028ccd7b3000 JavaThread "Unconstrained build operations" [_thread_blocked, id=4656, stack(0x000000d780d00000,0x000000d780e00000)]
  0x0000028ccd7b2000 JavaThread "Unconstrained build operations Thread 2" [_thread_blocked, id=6512, stack(0x000000d780e00000,0x000000d780f00000)]
  0x0000028ccd7b3800 JavaThread "Unconstrained build operations Thread 3" [_thread_blocked, id=12880, stack(0x000000d780f00000,0x000000d781000000)]
  0x0000028ccd7af800 JavaThread "Unconstrained build operations Thread 4" [_thread_blocked, id=8884, stack(0x000000d781000000,0x000000d781100000)]
  0x0000028ccd7b0800 JavaThread "Unconstrained build operations Thread 5" [_thread_blocked, id=1096, stack(0x000000d781100000,0x000000d781200000)]
  0x0000028cc723b000 JavaThread "Unconstrained build operations Thread 6" [_thread_blocked, id=12696, stack(0x000000d781200000,0x000000d781300000)]
  0x0000028cc723a000 JavaThread "Unconstrained build operations Thread 7" [_thread_blocked, id=8316, stack(0x000000d781300000,0x000000d781400000)]
  0x0000028cc7236000 JavaThread "Unconstrained build operations Thread 8" [_thread_blocked, id=11260, stack(0x000000d781400000,0x000000d781500000)]
  0x0000028cc7238800 JavaThread "Unconstrained build operations Thread 9" [_thread_blocked, id=856, stack(0x000000d781500000,0x000000d781600000)]
  0x0000028cc7236800 JavaThread "Unconstrained build operations Thread 10" [_thread_blocked, id=11708, stack(0x000000d781600000,0x000000d781700000)]
  0x0000028cc723c800 JavaThread "Unconstrained build operations Thread 11" [_thread_blocked, id=7304, stack(0x000000d781700000,0x000000d781800000)]
  0x0000028cc723d800 JavaThread "Unconstrained build operations Thread 12" [_thread_blocked, id=6784, stack(0x000000d781800000,0x000000d781900000)]
  0x0000028cc7237800 JavaThread "Unconstrained build operations Thread 13" [_thread_blocked, id=14312, stack(0x000000d781900000,0x000000d781a00000)]
  0x0000028cc7244000 JavaThread "Unconstrained build operations Thread 14" [_thread_blocked, id=8672, stack(0x000000d781a00000,0x000000d781b00000)]
  0x0000028cc7240800 JavaThread "Unconstrained build operations Thread 15" [_thread_blocked, id=5844, stack(0x000000d781b00000,0x000000d781c00000)]
  0x0000028cc723f000 JavaThread "Unconstrained build operations Thread 16" [_thread_blocked, id=416, stack(0x000000d781c00000,0x000000d781d00000)]
  0x0000028cc723f800 JavaThread "Unconstrained build operations Thread 17" [_thread_blocked, id=10576, stack(0x000000d781d00000,0x000000d781e00000)]
  0x0000028cc723e000 JavaThread "Unconstrained build operations Thread 18" [_thread_blocked, id=13204, stack(0x000000d781e00000,0x000000d781f00000)]
  0x0000028cc7242000 JavaThread "Unconstrained build operations Thread 19" [_thread_blocked, id=9856, stack(0x000000d782000000,0x000000d782100000)]
  0x0000028cc7244800 JavaThread "Unconstrained build operations Thread 20" [_thread_blocked, id=5392, stack(0x000000d782200000,0x000000d782300000)]
  0x0000028cc7241800 JavaThread "Unconstrained build operations Thread 21" [_thread_blocked, id=13228, stack(0x000000d782300000,0x000000d782400000)]
  0x0000028cc7243000 JavaThread "Unconstrained build operations Thread 22" [_thread_blocked, id=13020, stack(0x000000d782400000,0x000000d782500000)]
  0x0000028ccb905800 JavaThread "Unconstrained build operations Thread 23" [_thread_blocked, id=9468, stack(0x000000d782500000,0x000000d782600000)]
  0x0000028ccb908000 JavaThread "Unconstrained build operations Thread 24" [_thread_blocked, id=5052, stack(0x000000d782600000,0x000000d782700000)]
  0x0000028ccb909000 JavaThread "Unconstrained build operations Thread 25" [_thread_blocked, id=3748, stack(0x000000d782700000,0x000000d782800000)]
  0x0000028ccb906800 JavaThread "Unconstrained build operations Thread 26" [_thread_blocked, id=4224, stack(0x000000d782800000,0x000000d782900000)]
  0x0000028ccb905000 JavaThread "Unconstrained build operations Thread 27" [_thread_blocked, id=3048, stack(0x000000d782900000,0x000000d782a00000)]
  0x0000028ccb903000 JavaThread "Unconstrained build operations Thread 28" [_thread_blocked, id=10128, stack(0x000000d782a00000,0x000000d782b00000)]
  0x0000028ccb90d000 JavaThread "Unconstrained build operations Thread 29" [_thread_blocked, id=6604, stack(0x000000d782b00000,0x000000d782c00000)]
  0x0000028ccb90e000 JavaThread "Unconstrained build operations Thread 30" [_thread_blocked, id=2576, stack(0x000000d782c00000,0x000000d782d00000)]
  0x0000028ccb90c000 JavaThread "Unconstrained build operations Thread 31" [_thread_blocked, id=6788, stack(0x000000d782d00000,0x000000d782e00000)]
  0x0000028ccb90e800 JavaThread "Unconstrained build operations Thread 32" [_thread_blocked, id=10072, stack(0x000000d782e00000,0x000000d782f00000)]
  0x0000028ccb90b800 JavaThread "Unconstrained build operations Thread 33" [_thread_blocked, id=13460, stack(0x000000d782f00000,0x000000d783000000)]
  0x0000028ccb90f800 JavaThread "Unconstrained build operations Thread 34" [_thread_blocked, id=14216, stack(0x000000d783100000,0x000000d783200000)]
  0x0000028ccb90a800 JavaThread "Unconstrained build operations Thread 35" [_thread_blocked, id=6640, stack(0x000000d783200000,0x000000d783300000)]
  0x0000028ccb90a000 JavaThread "Unconstrained build operations Thread 36" [_thread_blocked, id=11960, stack(0x000000d783300000,0x000000d783400000)]
  0x0000028ccb912000 JavaThread "Unconstrained build operations Thread 37" [_thread_blocked, id=6436, stack(0x000000d783400000,0x000000d783500000)]
  0x0000028ccb910800 JavaThread "Unconstrained build operations Thread 38" [_thread_blocked, id=11684, stack(0x000000d783500000,0x000000d783600000)]
  0x0000028ccb911000 JavaThread "Unconstrained build operations Thread 39" [_thread_blocked, id=13632, stack(0x000000d783600000,0x000000d783700000)]
  0x0000028cc4140800 JavaThread "Unconstrained build operations Thread 40" [_thread_blocked, id=8112, stack(0x000000d783700000,0x000000d783800000)]
  0x0000028cc4143000 JavaThread "build event listener" [_thread_blocked, id=7356, stack(0x000000d783900000,0x000000d783a00000)]
  0x0000028cc4141800 JavaThread "Execution worker for ':'" [_thread_blocked, id=8876, stack(0x000000d783a00000,0x000000d783b00000)]
  0x0000028cc413d800 JavaThread "Execution worker for ':' Thread 2" [_thread_blocked, id=9256, stack(0x000000d783b00000,0x000000d783c00000)]
  0x0000028cc4144000 JavaThread "Execution worker for ':' Thread 3" [_thread_blocked, id=12636, stack(0x000000d783c00000,0x000000d783d00000)]
  0x0000028cc413e000 JavaThread "Cache worker for execution history cache (C:\Users\arpo1\StudioProjects\kimak\.gradle\7.3.3\executionHistory)" [_thread_blocked, id=12236, stack(0x000000d783d00000,0x000000d783e00000)]
  0x0000028cc4144800 JavaThread "WorkerExecutor Queue" [_thread_blocked, id=11836, stack(0x000000d783800000,0x000000d783900000)]
  0x0000028cc8591800 JavaThread "C2 CompilerThread1" daemon [_thread_in_native, id=12264, stack(0x000000d783e00000,0x000000d783f00000)]

Other Threads:
  0x0000028cc12d1800 VMThread "VM Thread" [stack: 0x000000d7fce00000,0x000000d7fcf00000] [id=13468]
  0x0000028cc1de8800 WatcherThread [stack: 0x000000d7fd800000,0x000000d7fd900000] [id=5880]
  0x0000028ca1bfd800 GCTaskThread "GC Thread#0" [stack: 0x000000d7fc900000,0x000000d7fca00000] [id=12816]
  0x0000028cc2677800 GCTaskThread "GC Thread#1" [stack: 0x000000d7fda00000,0x000000d7fdb00000] [id=11388]
  0x0000028cc2672800 GCTaskThread "GC Thread#2" [stack: 0x000000d7fdb00000,0x000000d7fdc00000] [id=7236]
  0x0000028cc2673800 GCTaskThread "GC Thread#3" [stack: 0x000000d7fe500000,0x000000d7fe600000] [id=14308]
  0x0000028ca1c2e800 ConcurrentGCThread "G1 Main Marker" [stack: 0x000000d7fca00000,0x000000d7fcb00000] [id=10760]
  0x0000028ca1c35000 ConcurrentGCThread "G1 Conc#0" [stack: 0x000000d7fcb00000,0x000000d7fcc00000] [id=13144]
  0x0000028ca1cc3800 ConcurrentGCThread "G1 Refine#0" [stack: 0x000000d7fcc00000,0x000000d7fcd00000] [id=7700]
  0x0000028cc2678800 ConcurrentGCThread "G1 Refine#1" [stack: 0x000000d783000000,0x000000d783100000] [id=12672]
  0x0000028ca1cc4800 ConcurrentGCThread "G1 Young RemSet Sampling" [stack: 0x000000d7fcd00000,0x000000d7fce00000] [id=13176]

Threads with active compile tasks:
C2 CompilerThread02095174 28742 % !   4       com.android.ide.common.resources.MergedResourceWriter::postWriteAction @ 438 (1328 bytes)
C2 CompilerThread12095174 28760       4       com.android.ide.common.resources.RelativeResourceUtils::getRelativeSourceSetPath (256 bytes)

VM state:not at safepoint (normal execution)

VM Mutex/Monitor currently owned by a thread: None

Heap address: 0x0000000080000000, size: 2048 MB, Compressed Oops mode: 32-bit
Narrow klass base: 0x0000000000000000, Narrow klass shift: 3
Compressed class space size: 1073741824 Address: 0x0000000100000000

Heap:
 garbage-first heap   total 332800K, used 247800K [0x0000000080000000, 0x0000000100000000)
  region size 1024K, 58 young (59392K), 12 survivors (12288K)
 Metaspace       used 129703K, capacity 133646K, committed 133896K, reserved 1165312K
  class space    used 15946K, capacity 17448K, committed 17488K, reserved 1048576K
Heap Regions: E=young(eden), S=young(survivor), O=old, HS=humongous(starts), HC=humongous(continues), CS=collection set, F=free, A=archive, TAMS=top-at-mark-start (previous, next)
|   0|0x0000000080000000, 0x0000000080100000, 0x0000000080100000|100%| O|  |TAMS 0x0000000080100000, 0x0000000080000000| Untracked 
|   1|0x0000000080100000, 0x0000000080200000, 0x0000000080200000|100%| O|  |TAMS 0x0000000080200000, 0x0000000080100000| Untracked 
|   2|0x0000000080200000, 0x0000000080300000, 0x0000000080300000|100%| O|  |TAMS 0x0000000080300000, 0x0000000080200000| Untracked 
|   3|0x0000000080300000, 0x0000000080400000, 0x0000000080400000|100%|HS|  |TAMS 0x0000000080400000, 0x0000000080300000| Complete 
|   4|0x0000000080400000, 0x0000000080500000, 0x0000000080500000|100%|HC|  |TAMS 0x0000000080500000, 0x0000000080400000| Complete 
|   5|0x0000000080500000, 0x0000000080600000, 0x0000000080600000|100%|HC|  |TAMS 0x0000000080600000, 0x0000000080500000| Complete 
|   6|0x0000000080600000, 0x0000000080700000, 0x0000000080700000|100%| O|  |TAMS 0x0000000080700000, 0x0000000080600000| Untracked 
|   7|0x0000000080700000, 0x0000000080800000, 0x0000000080800000|100%| O|  |TAMS 0x0000000080800000, 0x0000000080700000| Untracked 
|   8|0x0000000080800000, 0x0000000080900000, 0x0000000080900000|100%| O|  |TAMS 0x0000000080900000, 0x0000000080800000| Untracked 
|   9|0x0000000080900000, 0x0000000080a00000, 0x0000000080a00000|100%| O|  |TAMS 0x0000000080a00000, 0x0000000080900000| Untracked 
|  10|0x0000000080a00000, 0x0000000080b00000, 0x0000000080b00000|100%| O|  |TAMS 0x0000000080b00000, 0x0000000080a00000| Untracked 
|  11|0x0000000080b00000, 0x0000000080c00000, 0x0000000080c00000|100%| O|  |TAMS 0x0000000080c00000, 0x0000000080b00000| Untracked 
|  12|0x0000000080c00000, 0x0000000080d00000, 0x0000000080d00000|100%| O|  |TAMS 0x0000000080d00000, 0x0000000080c00000| Untracked 
|  13|0x0000000080d00000, 0x0000000080e00000, 0x0000000080e00000|100%| O|  |TAMS 0x0000000080e00000, 0x0000000080d00000| Untracked 
|  14|0x0000000080e00000, 0x0000000080f00000, 0x0000000080f00000|100%| O|  |TAMS 0x0000000080f00000, 0x0000000080e00000| Untracked 
|  15|0x0000000080f00000, 0x0000000081000000, 0x0000000081000000|100%| O|  |TAMS 0x0000000081000000, 0x0000000080f00000| Untracked 
|  16|0x0000000081000000, 0x0000000081100000, 0x0000000081100000|100%| O|  |TAMS 0x0000000081100000, 0x0000000081000000| Untracked 
|  17|0x0000000081100000, 0x0000000081200000, 0x0000000081200000|100%|HS|  |TAMS 0x0000000081200000, 0x0000000081100000| Complete 
|  18|0x0000000081200000, 0x0000000081300000, 0x0000000081300000|100%| O|  |TAMS 0x0000000081300000, 0x0000000081200000| Untracked 
|  19|0x0000000081300000, 0x0000000081400000, 0x0000000081400000|100%| O|  |TAMS 0x0000000081400000, 0x0000000081300000| Untracked 
|  20|0x0000000081400000, 0x0000000081500000, 0x0000000081500000|100%| O|  |TAMS 0x0000000081500000, 0x0000000081400000| Untracked 
|  21|0x0000000081500000, 0x0000000081600000, 0x0000000081600000|100%| O|  |TAMS 0x0000000081600000, 0x0000000081500000| Untracked 
|  22|0x0000000081600000, 0x0000000081700000, 0x0000000081700000|100%| O|  |TAMS 0x0000000081700000, 0x0000000081600000| Untracked 
|  23|0x0000000081700000, 0x0000000081800000, 0x0000000081800000|100%| O|  |TAMS 0x0000000081800000, 0x0000000081700000| Untracked 
|  24|0x0000000081800000, 0x0000000081900000, 0x0000000081900000|100%| O|  |TAMS 0x0000000081900000, 0x0000000081800000| Untracked 
|  25|0x0000000081900000, 0x0000000081a00000, 0x0000000081a00000|100%| O|  |TAMS 0x0000000081a00000, 0x0000000081900000| Untracked 
|  26|0x0000000081a00000, 0x0000000081b00000, 0x0000000081b00000|100%| O|  |TAMS 0x0000000081a00000, 0x0000000081a00000| Untracked 
|  27|0x0000000081b00000, 0x0000000081c00000, 0x0000000081c00000|100%| O|  |TAMS 0x0000000081c00000, 0x0000000081b00000| Untracked 
|  28|0x0000000081c00000, 0x0000000081d00000, 0x0000000081d00000|100%| O|  |TAMS 0x0000000081c00000, 0x0000000081c00000| Untracked 
|  29|0x0000000081d00000, 0x0000000081e00000, 0x0000000081e00000|100%|HS|  |TAMS 0x0000000081e00000, 0x0000000081d00000| Complete 
|  30|0x0000000081e00000, 0x0000000081f00000, 0x0000000081f00000|100%|HS|  |TAMS 0x0000000081f00000, 0x0000000081e00000| Complete 
|  31|0x0000000081f00000, 0x0000000082000000, 0x0000000082000000|100%|HC|  |TAMS 0x0000000082000000, 0x0000000081f00000| Complete 
|  32|0x0000000082000000, 0x0000000082100000, 0x0000000082100000|100%| O|  |TAMS 0x0000000082100000, 0x0000000082000000| Untracked 
|  33|0x0000000082100000, 0x0000000082200000, 0x0000000082200000|100%| O|  |TAMS 0x0000000082100000, 0x0000000082100000| Untracked 
|  34|0x0000000082200000, 0x0000000082300000, 0x0000000082300000|100%| O|  |TAMS 0x0000000082200000, 0x0000000082200000| Untracked 
|  35|0x0000000082300000, 0x0000000082400000, 0x0000000082400000|100%| O|  |TAMS 0x0000000082300000, 0x0000000082300000| Untracked 
|  36|0x0000000082400000, 0x0000000082500000, 0x0000000082500000|100%| O|  |TAMS 0x0000000082500000, 0x0000000082400000| Untracked 
|  37|0x0000000082500000, 0x0000000082600000, 0x0000000082600000|100%| O|  |TAMS 0x0000000082600000, 0x0000000082500000| Untracked 
|  38|0x0000000082600000, 0x0000000082700000, 0x0000000082700000|100%| O|  |TAMS 0x0000000082700000, 0x0000000082600000| Untracked 
|  39|0x0000000082700000, 0x0000000082800000, 0x0000000082800000|100%| O|  |TAMS 0x0000000082800000, 0x0000000082700000| Untracked 
|  40|0x0000000082800000, 0x0000000082900000, 0x0000000082900000|100%| O|  |TAMS 0x0000000082900000, 0x0000000082800000| Untracked 
|  41|0x0000000082900000, 0x0000000082a00000, 0x0000000082a00000|100%| O|  |TAMS 0x0000000082a00000, 0x0000000082900000| Untracked 
|  42|0x0000000082a00000, 0x0000000082b00000, 0x0000000082b00000|100%| O|  |TAMS 0x0000000082b00000, 0x0000000082a00000| Untracked 
|  43|0x0000000082b00000, 0x0000000082c00000, 0x0000000082c00000|100%| O|  |TAMS 0x0000000082c00000, 0x0000000082b00000| Untracked 
|  44|0x0000000082c00000, 0x0000000082d00000, 0x0000000082d00000|100%| O|  |TAMS 0x0000000082d00000, 0x0000000082c00000| Untracked 
|  45|0x0000000082d00000, 0x0000000082e00000, 0x0000000082e00000|100%| O|  |TAMS 0x0000000082e00000, 0x0000000082d00000| Untracked 
|  46|0x0000000082e00000, 0x0000000082f00000, 0x0000000082f00000|100%| O|  |TAMS 0x0000000082f00000, 0x0000000082e00000| Untracked 
|  47|0x0000000082f00000, 0x0000000083000000, 0x0000000083000000|100%| O|  |TAMS 0x0000000082f00000, 0x0000000082f00000| Untracked 
|  48|0x0000000083000000, 0x0000000083100000, 0x0000000083100000|100%| O|  |TAMS 0x0000000083100000, 0x0000000083000000| Untracked 
|  49|0x0000000083100000, 0x0000000083200000, 0x0000000083200000|100%| O|  |TAMS 0x0000000083200000, 0x0000000083100000| Untracked 
|  50|0x0000000083200000, 0x0000000083300000, 0x0000000083300000|100%| O|  |TAMS 0x0000000083300000, 0x0000000083200000| Untracked 
|  51|0x0000000083300000, 0x0000000083400000, 0x0000000083400000|100%| O|  |TAMS 0x0000000083400000, 0x0000000083300000| Untracked 
|  52|0x0000000083400000, 0x0000000083500000, 0x0000000083500000|100%| O|  |TAMS 0x0000000083500000, 0x0000000083400000| Untracked 
|  53|0x0000000083500000, 0x0000000083600000, 0x0000000083600000|100%| O|  |TAMS 0x0000000083600000, 0x0000000083500000| Untracked 
|  54|0x0000000083600000, 0x0000000083700000, 0x0000000083700000|100%| O|  |TAMS 0x0000000083700000, 0x0000000083600000| Untracked 
|  55|0x0000000083700000, 0x0000000083800000, 0x0000000083800000|100%| O|  |TAMS 0x0000000083800000, 0x0000000083700000| Untracked 
|  56|0x0000000083800000, 0x0000000083900000, 0x0000000083900000|100%| O|  |TAMS 0x0000000083900000, 0x0000000083800000| Untracked 
|  57|0x0000000083900000, 0x0000000083a00000, 0x0000000083a00000|100%| O|  |TAMS 0x0000000083a00000, 0x0000000083900000| Untracked 
|  58|0x0000000083a00000, 0x0000000083b00000, 0x0000000083b00000|100%| O|  |TAMS 0x0000000083b00000, 0x0000000083a00000| Untracked 
|  59|0x0000000083b00000, 0x0000000083c00000, 0x0000000083c00000|100%| O|  |TAMS 0x0000000083c00000, 0x0000000083b00000| Untracked 
|  60|0x0000000083c00000, 0x0000000083d00000, 0x0000000083d00000|100%| O|  |TAMS 0x0000000083d00000, 0x0000000083c00000| Untracked 
|  61|0x0000000083d00000, 0x0000000083e00000, 0x0000000083e00000|100%| O|  |TAMS 0x0000000083d00000, 0x0000000083d00000| Untracked 
|  62|0x0000000083e00000, 0x0000000083f00000, 0x0000000083f00000|100%| O|  |TAMS 0x0000000083f00000, 0x0000000083e00000| Untracked 
|  63|0x0000000083f00000, 0x0000000084000000, 0x0000000084000000|100%| O|  |TAMS 0x0000000084000000, 0x0000000083f00000| Untracked 
|  64|0x0000000084000000, 0x0000000084100000, 0x0000000084100000|100%| O|  |TAMS 0x0000000084100000, 0x0000000084000000| Untracked 
|  65|0x0000000084100000, 0x0000000084200000, 0x0000000084200000|100%| O|  |TAMS 0x0000000084200000, 0x0000000084100000| Untracked 
|  66|0x0000000084200000, 0x0000000084300000, 0x0000000084300000|100%| O|  |TAMS 0x0000000084300000, 0x0000000084200000| Untracked 
|  67|0x0000000084300000, 0x0000000084400000, 0x0000000084400000|100%| O|  |TAMS 0x0000000084400000, 0x0000000084300000| Untracked 
|  68|0x0000000084400000, 0x0000000084500000, 0x0000000084500000|100%| O|  |TAMS 0x0000000084500000, 0x0000000084400000| Untracked 
|  69|0x0000000084500000, 0x0000000084600000, 0x0000000084600000|100%| O|  |TAMS 0x0000000084600000, 0x0000000084500000| Untracked 
|  70|0x0000000084600000, 0x0000000084700000, 0x0000000084700000|100%| O|  |TAMS 0x0000000084600000, 0x0000000084600000| Untracked 
|  71|0x0000000084700000, 0x0000000084800000, 0x0000000084800000|100%| O|  |TAMS 0x0000000084700000, 0x0000000084700000| Untracked 
|  72|0x0000000084800000, 0x0000000084900000, 0x0000000084900000|100%| O|  |TAMS 0x0000000084800000, 0x0000000084800000| Untracked 
|  73|0x0000000084900000, 0x0000000084a00000, 0x0000000084a00000|100%| O|  |TAMS 0x0000000084900000, 0x0000000084900000| Untracked 
|  74|0x0000000084a00000, 0x0000000084b00000, 0x0000000084b00000|100%| O|  |TAMS 0x0000000084a00000, 0x0000000084a00000| Untracked 
|  75|0x0000000084b00000, 0x0000000084c00000, 0x0000000084c00000|100%| O|  |TAMS 0x0000000084b00000, 0x0000000084b00000| Untracked 
|  76|0x0000000084c00000, 0x0000000084d00000, 0x0000000084d00000|100%| O|  |TAMS 0x0000000084c00000, 0x0000000084c00000| Untracked 
|  77|0x0000000084d00000, 0x0000000084e00000, 0x0000000084e00000|100%| O|  |TAMS 0x0000000084d00000, 0x0000000084d00000| Untracked 
|  78|0x0000000084e00000, 0x0000000084f00000, 0x0000000084f00000|100%| O|  |TAMS 0x0000000084e00000, 0x0000000084e00000| Untracked 
|  79|0x0000000084f00000, 0x0000000085000000, 0x0000000085000000|100%| O|  |TAMS 0x0000000084f00000, 0x0000000084f00000| Untracked 
|  80|0x0000000085000000, 0x0000000085100000, 0x0000000085100000|100%| O|  |TAMS 0x0000000085000000, 0x0000000085000000| Untracked 
|  81|0x0000000085100000, 0x0000000085200000, 0x0000000085200000|100%| O|  |TAMS 0x0000000085100000, 0x0000000085100000| Untracked 
|  82|0x0000000085200000, 0x0000000085300000, 0x0000000085300000|100%| O|  |TAMS 0x0000000085200000, 0x0000000085200000| Untracked 
|  83|0x0000000085300000, 0x0000000085400000, 0x0000000085400000|100%| O|  |TAMS 0x0000000085400000, 0x0000000085300000| Untracked 
|  84|0x0000000085400000, 0x0000000085500000, 0x0000000085500000|100%| O|  |TAMS 0x0000000085500000, 0x0000000085400000| Untracked 
|  85|0x0000000085500000, 0x0000000085600000, 0x0000000085600000|100%| O|  |TAMS 0x0000000085600000, 0x0000000085500000| Untracked 
|  86|0x0000000085600000, 0x0000000085700000, 0x0000000085700000|100%|HS|  |TAMS 0x0000000085600000, 0x0000000085600000| Complete 
|  87|0x0000000085700000, 0x0000000085800000, 0x0000000085800000|100%| O|  |TAMS 0x0000000085700000, 0x0000000085700000| Untracked 
|  88|0x0000000085800000, 0x0000000085900000, 0x0000000085900000|100%| O|  |TAMS 0x0000000085900000, 0x0000000085800000| Untracked 
|  89|0x0000000085900000, 0x0000000085a00000, 0x0000000085a00000|100%|HS|  |TAMS 0x0000000085900000, 0x0000000085900000| Complete 
|  90|0x0000000085a00000, 0x0000000085b00000, 0x0000000085b00000|100%|HS|  |TAMS 0x0000000085a00000, 0x0000000085a00000| Complete 
|  91|0x0000000085b00000, 0x0000000085c00000, 0x0000000085c00000|100%| O|  |TAMS 0x0000000085c00000, 0x0000000085b00000| Untracked 
|  92|0x0000000085c00000, 0x0000000085d00000, 0x0000000085d00000|100%| O|  |TAMS 0x0000000085c00000, 0x0000000085c00000| Untracked 
|  93|0x0000000085d00000, 0x0000000085e00000, 0x0000000085e00000|100%| O|  |TAMS 0x0000000085d00000, 0x0000000085d00000| Untracked 
|  94|0x0000000085e00000, 0x0000000085f00000, 0x0000000085f00000|100%| O|  |TAMS 0x0000000085e00000, 0x0000000085e00000| Untracked 
|  95|0x0000000085f00000, 0x0000000086000000, 0x0000000086000000|100%| O|  |TAMS 0x0000000085f00000, 0x0000000085f00000| Untracked 
|  96|0x0000000086000000, 0x0000000086100000, 0x0000000086100000|100%| O|  |TAMS 0x0000000086000000, 0x0000000086000000| Untracked 
|  97|0x0000000086100000, 0x0000000086200000, 0x0000000086200000|100%| O|  |TAMS 0x0000000086100000, 0x0000000086100000| Untracked 
|  98|0x0000000086200000, 0x0000000086300000, 0x0000000086300000|100%| O|  |TAMS 0x0000000086200000, 0x0000000086200000| Untracked 
|  99|0x0000000086300000, 0x0000000086400000, 0x0000000086400000|100%| O|  |TAMS 0x0000000086300000, 0x0000000086300000| Untracked 
| 100|0x0000000086400000, 0x0000000086500000, 0x0000000086500000|100%| O|  |TAMS 0x0000000086400000, 0x0000000086400000| Untracked 
| 101|0x0000000086500000, 0x0000000086600000, 0x0000000086600000|100%| O|  |TAMS 0x0000000086500000, 0x0000000086500000| Untracked 
| 102|0x0000000086600000, 0x0000000086700000, 0x0000000086700000|100%| O|  |TAMS 0x0000000086600000, 0x0000000086600000| Untracked 
| 103|0x0000000086700000, 0x0000000086800000, 0x0000000086800000|100%| O|  |TAMS 0x0000000086700000, 0x0000000086700000| Untracked 
| 104|0x0000000086800000, 0x0000000086900000, 0x0000000086900000|100%| O|  |TAMS 0x0000000086900000, 0x0000000086800000| Untracked 
| 105|0x0000000086900000, 0x0000000086a00000, 0x0000000086a00000|100%| O|  |TAMS 0x0000000086900000, 0x0000000086900000| Untracked 
| 106|0x0000000086a00000, 0x0000000086b00000, 0x0000000086b00000|100%| O|  |TAMS 0x0000000086a00000, 0x0000000086a00000| Untracked 
| 107|0x0000000086b00000, 0x0000000086c00000, 0x0000000086c00000|100%| O|  |TAMS 0x0000000086b00000, 0x0000000086b00000| Untracked 
| 108|0x0000000086c00000, 0x0000000086d00000, 0x0000000086d00000|100%| O|  |TAMS 0x0000000086c00000, 0x0000000086c00000| Untracked 
| 109|0x0000000086d00000, 0x0000000086e00000, 0x0000000086e00000|100%| O|  |TAMS 0x0000000086d00000, 0x0000000086d00000| Untracked 
| 110|0x0000000086e00000, 0x0000000086f00000, 0x0000000086f00000|100%| O|  |TAMS 0x0000000086e00000, 0x0000000086e00000| Untracked 
| 111|0x0000000086f00000, 0x0000000087000000, 0x0000000087000000|100%| O|  |TAMS 0x0000000086f00000, 0x0000000086f00000| Untracked 
| 112|0x0000000087000000, 0x0000000087100000, 0x0000000087100000|100%| O|  |TAMS 0x0000000087000000, 0x0000000087000000| Untracked 
| 113|0x0000000087100000, 0x0000000087200000, 0x0000000087200000|100%| O|  |TAMS 0x0000000087100000, 0x0000000087100000| Untracked 
| 114|0x0000000087200000, 0x0000000087300000, 0x0000000087300000|100%| O|  |TAMS 0x0000000087200000, 0x0000000087200000| Untracked 
| 115|0x0000000087300000, 0x0000000087400000, 0x0000000087400000|100%| O|  |TAMS 0x0000000087300000, 0x0000000087300000| Untracked 
| 116|0x0000000087400000, 0x0000000087500000, 0x0000000087500000|100%| O|  |TAMS 0x0000000087400000, 0x0000000087400000| Untracked 
| 117|0x0000000087500000, 0x0000000087600000, 0x0000000087600000|100%| O|  |TAMS 0x0000000087500000, 0x0000000087500000| Untracked 
| 118|0x0000000087600000, 0x0000000087700000, 0x0000000087700000|100%| O|  |TAMS 0x0000000087600000, 0x0000000087600000| Untracked 
| 119|0x0000000087700000, 0x0000000087800000, 0x0000000087800000|100%| O|  |TAMS 0x0000000087700000, 0x0000000087700000| Untracked 
| 120|0x0000000087800000, 0x0000000087900000, 0x0000000087900000|100%| O|  |TAMS 0x0000000087800000, 0x0000000087800000| Untracked 
| 121|0x0000000087900000, 0x0000000087a00000, 0x0000000087a00000|100%| O|  |TAMS 0x0000000087900000, 0x0000000087900000| Untracked 
| 122|0x0000000087a00000, 0x0000000087b00000, 0x0000000087b00000|100%| O|  |TAMS 0x0000000087a00000, 0x0000000087a00000| Untracked 
| 123|0x0000000087b00000, 0x0000000087c00000, 0x0000000087c00000|100%| O|  |TAMS 0x0000000087b00000, 0x0000000087b00000| Untracked 
| 124|0x0000000087c00000, 0x0000000087d00000, 0x0000000087d00000|100%| O|  |TAMS 0x0000000087c00000, 0x0000000087c00000| Untracked 
| 125|0x0000000087d00000, 0x0000000087e00000, 0x0000000087e00000|100%| O|  |TAMS 0x0000000087d00000, 0x0000000087d00000| Untracked 
| 126|0x0000000087e00000, 0x0000000087f00000, 0x0000000087f00000|100%| O|  |TAMS 0x0000000087e00000, 0x0000000087e00000| Untracked 
| 127|0x0000000087f00000, 0x0000000088000000, 0x0000000088000000|100%| O|  |TAMS 0x0000000087f00000, 0x0000000087f00000| Untracked 
| 128|0x0000000088000000, 0x0000000088100000, 0x0000000088100000|100%| O|  |TAMS 0x0000000088000000, 0x0000000088000000| Untracked 
| 129|0x0000000088100000, 0x0000000088200000, 0x0000000088200000|100%| O|  |TAMS 0x0000000088100000, 0x0000000088100000| Untracked 
| 130|0x0000000088200000, 0x0000000088300000, 0x0000000088300000|100%| O|  |TAMS 0x0000000088200000, 0x0000000088200000| Untracked 
| 131|0x0000000088300000, 0x00000000883fe200, 0x0000000088400000| 99%| O|  |TAMS 0x0000000088300000, 0x0000000088300000| Untracked 
| 132|0x0000000088400000, 0x0000000088500000, 0x0000000088500000|100%|HS|  |TAMS 0x0000000088400000, 0x0000000088400000| Complete 
| 133|0x0000000088500000, 0x0000000088600000, 0x0000000088600000|100%|HC|  |TAMS 0x0000000088500000, 0x0000000088500000| Complete 
| 134|0x0000000088600000, 0x0000000088600000, 0x0000000088700000|  0%| F|  |TAMS 0x0000000088600000, 0x0000000088600000| Untracked 
| 135|0x0000000088700000, 0x0000000088800000, 0x0000000088800000|100%| O|  |TAMS 0x0000000088700000, 0x0000000088700000| Untracked 
| 136|0x0000000088800000, 0x0000000088900000, 0x0000000088900000|100%| O|  |TAMS 0x0000000088800000, 0x0000000088800000| Untracked 
| 137|0x0000000088900000, 0x0000000088a00000, 0x0000000088a00000|100%| O|  |TAMS 0x0000000088900000, 0x0000000088900000| Untracked 
| 138|0x0000000088a00000, 0x0000000088b00000, 0x0000000088b00000|100%| O|  |TAMS 0x0000000088a00000, 0x0000000088a00000| Untracked 
| 139|0x0000000088b00000, 0x0000000088c00000, 0x0000000088c00000|100%| O|  |TAMS 0x0000000088b00000, 0x0000000088b00000| Untracked 
| 140|0x0000000088c00000, 0x0000000088d00000, 0x0000000088d00000|100%|HS|  |TAMS 0x0000000088c00000, 0x0000000088c00000| Complete 
| 141|0x0000000088d00000, 0x0000000088e00000, 0x0000000088e00000|100%|HC|  |TAMS 0x0000000088d00000, 0x0000000088d00000| Complete 
| 142|0x0000000088e00000, 0x0000000088f00000, 0x0000000088f00000|100%|HS|  |TAMS 0x0000000088e00000, 0x0000000088e00000| Complete 
| 143|0x0000000088f00000, 0x0000000089000000, 0x0000000089000000|100%|HC|  |TAMS 0x0000000088f00000, 0x0000000088f00000| Complete 
| 144|0x0000000089000000, 0x0000000089100000, 0x0000000089100000|100%| O|  |TAMS 0x0000000089100000, 0x0000000089000000| Untracked 
| 145|0x0000000089100000, 0x0000000089200000, 0x0000000089200000|100%| O|  |TAMS 0x0000000089200000, 0x0000000089100000| Untracked 
| 146|0x0000000089200000, 0x0000000089300000, 0x0000000089300000|100%| O|  |TAMS 0x0000000089300000, 0x0000000089200000| Untracked 
| 147|0x0000000089300000, 0x0000000089400000, 0x0000000089400000|100%| O|  |TAMS 0x0000000089400000, 0x0000000089300000| Untracked 
| 148|0x0000000089400000, 0x0000000089400000, 0x0000000089500000|  0%| F|  |TAMS 0x0000000089400000, 0x0000000089400000| Untracked 
| 149|0x0000000089500000, 0x0000000089500000, 0x0000000089600000|  0%| F|  |TAMS 0x0000000089500000, 0x0000000089500000| Untracked 
| 150|0x0000000089600000, 0x0000000089600000, 0x0000000089700000|  0%| F|  |TAMS 0x0000000089600000, 0x0000000089600000| Untracked 
| 151|0x0000000089700000, 0x0000000089700000, 0x0000000089800000|  0%| F|  |TAMS 0x0000000089700000, 0x0000000089700000| Untracked 
| 152|0x0000000089800000, 0x0000000089800000, 0x0000000089900000|  0%| F|  |TAMS 0x0000000089800000, 0x0000000089800000| Untracked 
| 153|0x0000000089900000, 0x0000000089900000, 0x0000000089a00000|  0%| F|  |TAMS 0x0000000089900000, 0x0000000089900000| Untracked 
| 154|0x0000000089a00000, 0x0000000089a00000, 0x0000000089b00000|  0%| F|  |TAMS 0x0000000089a00000, 0x0000000089a00000| Untracked 
| 155|0x0000000089b00000, 0x0000000089b00000, 0x0000000089c00000|  0%| F|  |TAMS 0x0000000089b00000, 0x0000000089b00000| Untracked 
| 156|0x0000000089c00000, 0x0000000089c00000, 0x0000000089d00000|  0%| F|  |TAMS 0x0000000089c00000, 0x0000000089c00000| Untracked 
| 157|0x0000000089d00000, 0x0000000089d00000, 0x0000000089e00000|  0%| F|  |TAMS 0x0000000089d00000, 0x0000000089d00000| Untracked 
| 158|0x0000000089e00000, 0x0000000089e00000, 0x0000000089f00000|  0%| F|  |TAMS 0x0000000089e00000, 0x0000000089e00000| Untracked 
| 159|0x0000000089f00000, 0x0000000089f00000, 0x000000008a000000|  0%| F|  |TAMS 0x0000000089f00000, 0x0000000089f00000| Untracked 
| 160|0x000000008a000000, 0x000000008a000000, 0x000000008a100000|  0%| F|  |TAMS 0x000000008a000000, 0x000000008a000000| Untracked 
| 161|0x000000008a100000, 0x000000008a100000, 0x000000008a200000|  0%| F|  |TAMS 0x000000008a100000, 0x000000008a100000| Untracked 
| 162|0x000000008a200000, 0x000000008a200000, 0x000000008a300000|  0%| F|  |TAMS 0x000000008a200000, 0x000000008a200000| Untracked 
| 163|0x000000008a300000, 0x000000008a300000, 0x000000008a400000|  0%| F|  |TAMS 0x000000008a300000, 0x000000008a300000| Untracked 
| 164|0x000000008a400000, 0x000000008a400000, 0x000000008a500000|  0%| F|  |TAMS 0x000000008a400000, 0x000000008a400000| Untracked 
| 165|0x000000008a500000, 0x000000008a500000, 0x000000008a600000|  0%| F|  |TAMS 0x000000008a500000, 0x000000008a500000| Untracked 
| 166|0x000000008a600000, 0x000000008a600000, 0x000000008a700000|  0%| F|  |TAMS 0x000000008a600000, 0x000000008a600000| Untracked 
| 167|0x000000008a700000, 0x000000008a700000, 0x000000008a800000|  0%| F|  |TAMS 0x000000008a700000, 0x000000008a700000| Untracked 
| 168|0x000000008a800000, 0x000000008a800000, 0x000000008a900000|  0%| F|  |TAMS 0x000000008a800000, 0x000000008a800000| Untracked 
| 169|0x000000008a900000, 0x000000008a900000, 0x000000008aa00000|  0%| F|  |TAMS 0x000000008a900000, 0x000000008a900000| Untracked 
| 170|0x000000008aa00000, 0x000000008aa00000, 0x000000008ab00000|  0%| F|  |TAMS 0x000000008aa00000, 0x000000008aa00000| Untracked 
| 171|0x000000008ab00000, 0x000000008ac00000, 0x000000008ac00000|100%| O|  |TAMS 0x000000008ac00000, 0x000000008ab00000| Untracked 
| 172|0x000000008ac00000, 0x000000008ac00000, 0x000000008ad00000|  0%| F|  |TAMS 0x000000008ac00000, 0x000000008ac00000| Untracked 
| 173|0x000000008ad00000, 0x000000008ad00000, 0x000000008ae00000|  0%| F|  |TAMS 0x000000008ad00000, 0x000000008ad00000| Untracked 
| 174|0x000000008ae00000, 0x000000008ae00000, 0x000000008af00000|  0%| F|  |TAMS 0x000000008ae00000, 0x000000008ae00000| Untracked 
| 175|0x000000008af00000, 0x000000008af00000, 0x000000008b000000|  0%| F|  |TAMS 0x000000008af00000, 0x000000008af00000| Untracked 
| 176|0x000000008b000000, 0x000000008b000000, 0x000000008b100000|  0%| F|  |TAMS 0x000000008b000000, 0x000000008b000000| Untracked 
| 177|0x000000008b100000, 0x000000008b100000, 0x000000008b200000|  0%| F|  |TAMS 0x000000008b100000, 0x000000008b100000| Untracked 
| 178|0x000000008b200000, 0x000000008b200000, 0x000000008b300000|  0%| F|  |TAMS 0x000000008b200000, 0x000000008b200000| Untracked 
| 179|0x000000008b300000, 0x000000008b300000, 0x000000008b400000|  0%| F|  |TAMS 0x000000008b300000, 0x000000008b300000| Untracked 
| 180|0x000000008b400000, 0x000000008b400000, 0x000000008b500000|  0%| F|  |TAMS 0x000000008b400000, 0x000000008b400000| Untracked 
| 181|0x000000008b500000, 0x000000008b500000, 0x000000008b600000|  0%| F|  |TAMS 0x000000008b500000, 0x000000008b500000| Untracked 
| 182|0x000000008b600000, 0x000000008b600000, 0x000000008b700000|  0%| F|  |TAMS 0x000000008b600000, 0x000000008b600000| Untracked 
| 183|0x000000008b700000, 0x000000008b700000, 0x000000008b800000|  0%| F|  |TAMS 0x000000008b700000, 0x000000008b700000| Untracked 
| 184|0x000000008b800000, 0x000000008b900000, 0x000000008b900000|100%| S|CS|TAMS 0x000000008b800000, 0x000000008b800000| Complete 
| 185|0x000000008b900000, 0x000000008ba00000, 0x000000008ba00000|100%| O|  |TAMS 0x000000008ba00000, 0x000000008b900000| Untracked 
| 186|0x000000008ba00000, 0x000000008bb00000, 0x000000008bb00000|100%| O|  |TAMS 0x000000008bb00000, 0x000000008ba00000| Untracked 
| 187|0x000000008bb00000, 0x000000008bc00000, 0x000000008bc00000|100%| O|  |TAMS 0x000000008bc00000, 0x000000008bb00000| Untracked 
| 188|0x000000008bc00000, 0x000000008bd00000, 0x000000008bd00000|100%| S|CS|TAMS 0x000000008bc00000, 0x000000008bc00000| Complete 
| 189|0x000000008bd00000, 0x000000008be00000, 0x000000008be00000|100%|HS|  |TAMS 0x000000008be00000, 0x000000008bd00000| Complete 
| 190|0x000000008be00000, 0x000000008bf00000, 0x000000008bf00000|100%|HC|  |TAMS 0x000000008bf00000, 0x000000008be00000| Complete 
| 191|0x000000008bf00000, 0x000000008c000000, 0x000000008c000000|100%| S|CS|TAMS 0x000000008bf00000, 0x000000008bf00000| Complete 
| 192|0x000000008c000000, 0x000000008c100000, 0x000000008c100000|100%| O|  |TAMS 0x000000008c100000, 0x000000008c000000| Untracked 
| 193|0x000000008c100000, 0x000000008c200000, 0x000000008c200000|100%| S|CS|TAMS 0x000000008c100000, 0x000000008c100000| Complete 
| 194|0x000000008c200000, 0x000000008c300000, 0x000000008c300000|100%| S|CS|TAMS 0x000000008c200000, 0x000000008c200000| Complete 
| 195|0x000000008c300000, 0x000000008c400000, 0x000000008c400000|100%| S|CS|TAMS 0x000000008c300000, 0x000000008c300000| Complete 
| 196|0x000000008c400000, 0x000000008c500000, 0x000000008c500000|100%| S|CS|TAMS 0x000000008c400000, 0x000000008c400000| Complete 
| 197|0x000000008c500000, 0x000000008c600000, 0x000000008c600000|100%| S|CS|TAMS 0x000000008c500000, 0x000000008c500000| Complete 
| 198|0x000000008c600000, 0x000000008c700000, 0x000000008c700000|100%| S|CS|TAMS 0x000000008c600000, 0x000000008c600000| Complete 
| 199|0x000000008c700000, 0x000000008c700000, 0x000000008c800000|  0%| F|  |TAMS 0x000000008c700000, 0x000000008c700000| Untracked 
| 200|0x000000008c800000, 0x000000008c800000, 0x000000008c900000|  0%| F|  |TAMS 0x000000008c800000, 0x000000008c800000| Untracked 
| 201|0x000000008c900000, 0x000000008c900000, 0x000000008ca00000|  0%| F|  |TAMS 0x000000008c900000, 0x000000008c900000| Untracked 
| 202|0x000000008ca00000, 0x000000008ca00000, 0x000000008cb00000|  0%| F|  |TAMS 0x000000008ca00000, 0x000000008ca00000| Untracked 
| 203|0x000000008cb00000, 0x000000008cb00000, 0x000000008cc00000|  0%| F|  |TAMS 0x000000008cb00000, 0x000000008cb00000| Untracked 
| 204|0x000000008cc00000, 0x000000008cd00000, 0x000000008cd00000|100%| O|  |TAMS 0x000000008cd00000, 0x000000008cc00000| Untracked 
| 205|0x000000008cd00000, 0x000000008ce00000, 0x000000008ce00000|100%| O|  |TAMS 0x000000008ce00000, 0x000000008cd00000| Untracked 
| 206|0x000000008ce00000, 0x000000008cf00000, 0x000000008cf00000|100%| O|  |TAMS 0x000000008cf00000, 0x000000008ce00000| Untracked 
| 207|0x000000008cf00000, 0x000000008cf00000, 0x000000008d000000|  0%| F|  |TAMS 0x000000008cf00000, 0x000000008cf00000| Untracked 
| 208|0x000000008d000000, 0x000000008d100000, 0x000000008d100000|100%| S|CS|TAMS 0x000000008d000000, 0x000000008d000000| Complete 
| 209|0x000000008d100000, 0x000000008d200000, 0x000000008d200000|100%| S|CS|TAMS 0x000000008d100000, 0x000000008d100000| Complete 
| 210|0x000000008d200000, 0x000000008d300000, 0x000000008d300000|100%| S|CS|TAMS 0x000000008d200000, 0x000000008d200000| Complete 
| 211|0x000000008d300000, 0x000000008d300000, 0x000000008d400000|  0%| F|  |TAMS 0x000000008d300000, 0x000000008d300000| Untracked 
| 212|0x000000008d400000, 0x000000008d400000, 0x000000008d500000|  0%| F|  |TAMS 0x000000008d400000, 0x000000008d400000| Untracked 
| 213|0x000000008d500000, 0x000000008d500000, 0x000000008d600000|  0%| F|  |TAMS 0x000000008d500000, 0x000000008d500000| Untracked 
| 214|0x000000008d600000, 0x000000008d600000, 0x000000008d700000|  0%| F|  |TAMS 0x000000008d600000, 0x000000008d600000| Untracked 
| 215|0x000000008d700000, 0x000000008d700000, 0x000000008d800000|  0%| F|  |TAMS 0x000000008d700000, 0x000000008d700000| Untracked 
| 216|0x000000008d800000, 0x000000008d800000, 0x000000008d900000|  0%| F|  |TAMS 0x000000008d800000, 0x000000008d800000| Untracked 
| 217|0x000000008d900000, 0x000000008d900000, 0x000000008da00000|  0%| F|  |TAMS 0x000000008d900000, 0x000000008d900000| Untracked 
| 218|0x000000008da00000, 0x000000008db00000, 0x000000008db00000|100%| O|  |TAMS 0x000000008db00000, 0x000000008da00000| Untracked 
| 219|0x000000008db00000, 0x000000008dc00000, 0x000000008dc00000|100%| O|  |TAMS 0x000000008dc00000, 0x000000008db00000| Untracked 
| 220|0x000000008dc00000, 0x000000008dc00000, 0x000000008dd00000|  0%| F|  |TAMS 0x000000008dc00000, 0x000000008dc00000| Untracked 
| 221|0x000000008dd00000, 0x000000008dd00000, 0x000000008de00000|  0%| F|  |TAMS 0x000000008dd00000, 0x000000008dd00000| Untracked 
| 222|0x000000008de00000, 0x000000008de00000, 0x000000008df00000|  0%| F|  |TAMS 0x000000008de00000, 0x000000008de00000| Untracked 
| 223|0x000000008df00000, 0x000000008df00000, 0x000000008e000000|  0%| F|  |TAMS 0x000000008df00000, 0x000000008df00000| Untracked 
| 224|0x000000008e000000, 0x000000008e000000, 0x000000008e100000|  0%| F|  |TAMS 0x000000008e000000, 0x000000008e000000| Untracked 
| 225|0x000000008e100000, 0x000000008e100000, 0x000000008e200000|  0%| F|  |TAMS 0x000000008e100000, 0x000000008e100000| Untracked 
| 226|0x000000008e200000, 0x000000008e200000, 0x000000008e300000|  0%| F|  |TAMS 0x000000008e200000, 0x000000008e200000| Untracked 
| 227|0x000000008e300000, 0x000000008e300000, 0x000000008e400000|  0%| F|  |TAMS 0x000000008e300000, 0x000000008e300000| Untracked 
| 228|0x000000008e400000, 0x000000008e400000, 0x000000008e500000|  0%| F|  |TAMS 0x000000008e400000, 0x000000008e400000| Untracked 
| 229|0x000000008e500000, 0x000000008e500000, 0x000000008e600000|  0%| F|  |TAMS 0x000000008e500000, 0x000000008e500000| Untracked 
| 230|0x000000008e600000, 0x000000008e600000, 0x000000008e700000|  0%| F|  |TAMS 0x000000008e600000, 0x000000008e600000| Untracked 
| 231|0x000000008e700000, 0x000000008e700000, 0x000000008e800000|  0%| F|  |TAMS 0x000000008e700000, 0x000000008e700000| Untracked 
| 232|0x000000008e800000, 0x000000008e800000, 0x000000008e900000|  0%| F|  |TAMS 0x000000008e800000, 0x000000008e800000| Untracked 
| 233|0x000000008e900000, 0x000000008e900000, 0x000000008ea00000|  0%| F|  |TAMS 0x000000008e900000, 0x000000008e900000| Untracked 
| 234|0x000000008ea00000, 0x000000008ea00000, 0x000000008eb00000|  0%| F|  |TAMS 0x000000008ea00000, 0x000000008ea00000| Untracked 
| 235|0x000000008eb00000, 0x000000008eb00000, 0x000000008ec00000|  0%| F|  |TAMS 0x000000008eb00000, 0x000000008eb00000| Untracked 
| 236|0x000000008ec00000, 0x000000008ec00000, 0x000000008ed00000|  0%| F|  |TAMS 0x000000008ec00000, 0x000000008ec00000| Untracked 
| 237|0x000000008ed00000, 0x000000008ed00000, 0x000000008ee00000|  0%| F|  |TAMS 0x000000008ed00000, 0x000000008ed00000| Untracked 
| 238|0x000000008ee00000, 0x000000008ee00000, 0x000000008ef00000|  0%| F|  |TAMS 0x000000008ee00000, 0x000000008ee00000| Untracked 
| 239|0x000000008ef00000, 0x000000008ef00000, 0x000000008f000000|  0%| F|  |TAMS 0x000000008ef00000, 0x000000008ef00000| Untracked 
| 240|0x000000008f000000, 0x000000008f000000, 0x000000008f100000|  0%| F|  |TAMS 0x000000008f000000, 0x000000008f000000| Untracked 
| 241|0x000000008f100000, 0x000000008f100000, 0x000000008f200000|  0%| F|  |TAMS 0x000000008f100000, 0x000000008f100000| Untracked 
| 242|0x000000008f200000, 0x000000008f200000, 0x000000008f300000|  0%| F|  |TAMS 0x000000008f200000, 0x000000008f200000| Untracked 
| 243|0x000000008f300000, 0x000000008f300000, 0x000000008f400000|  0%| F|  |TAMS 0x000000008f300000, 0x000000008f300000| Untracked 
| 244|0x000000008f400000, 0x000000008f400000, 0x000000008f500000|  0%| F|  |TAMS 0x000000008f400000, 0x000000008f400000| Untracked 
| 245|0x000000008f500000, 0x000000008f500000, 0x000000008f600000|  0%| F|  |TAMS 0x000000008f500000, 0x000000008f500000| Untracked 
| 246|0x000000008f600000, 0x000000008f600000, 0x000000008f700000|  0%| F|  |TAMS 0x000000008f600000, 0x000000008f600000| Untracked 
| 247|0x000000008f700000, 0x000000008f700000, 0x000000008f800000|  0%| F|  |TAMS 0x000000008f700000, 0x000000008f700000| Untracked 
| 248|0x000000008f800000, 0x000000008f800000, 0x000000008f900000|  0%| F|  |TAMS 0x000000008f800000, 0x000000008f800000| Untracked 
| 249|0x000000008f900000, 0x000000008f900000, 0x000000008fa00000|  0%| F|  |TAMS 0x000000008f900000, 0x000000008f900000| Untracked 
| 250|0x000000008fa00000, 0x000000008fa00000, 0x000000008fb00000|  0%| F|  |TAMS 0x000000008fa00000, 0x000000008fa00000| Untracked 
| 251|0x000000008fb00000, 0x000000008fb00000, 0x000000008fc00000|  0%| F|  |TAMS 0x000000008fb00000, 0x000000008fb00000| Untracked 
| 252|0x000000008fc00000, 0x000000008fc00000, 0x000000008fd00000|  0%| F|  |TAMS 0x000000008fc00000, 0x000000008fc00000| Untracked 
| 253|0x000000008fd00000, 0x000000008fd87a58, 0x000000008fe00000| 52%| E|  |TAMS 0x000000008fd00000, 0x000000008fd00000| Complete 
| 254|0x000000008fe00000, 0x000000008ff00000, 0x000000008ff00000|100%| E|CS|TAMS 0x000000008fe00000, 0x000000008fe00000| Complete 
| 255|0x000000008ff00000, 0x0000000090000000, 0x0000000090000000|100%| E|CS|TAMS 0x000000008ff00000, 0x000000008ff00000| Complete 
| 256|0x0000000090000000, 0x0000000090100000, 0x0000000090100000|100%| O|  |TAMS 0x0000000090100000, 0x0000000090000000| Untracked 
| 257|0x0000000090100000, 0x0000000090200000, 0x0000000090200000|100%| E|CS|TAMS 0x0000000090100000, 0x0000000090100000| Complete 
| 258|0x0000000090200000, 0x0000000090300000, 0x0000000090300000|100%| O|  |TAMS 0x0000000090300000, 0x0000000090200000| Untracked 
| 259|0x0000000090300000, 0x0000000090400000, 0x0000000090400000|100%| E|CS|TAMS 0x0000000090300000, 0x0000000090300000| Complete 
| 260|0x0000000090400000, 0x0000000090500000, 0x0000000090500000|100%| E|CS|TAMS 0x0000000090400000, 0x0000000090400000| Complete 
| 261|0x0000000090500000, 0x0000000090600000, 0x0000000090600000|100%| E|CS|TAMS 0x0000000090500000, 0x0000000090500000| Complete 
| 262|0x0000000090600000, 0x0000000090700000, 0x0000000090700000|100%| E|CS|TAMS 0x0000000090600000, 0x0000000090600000| Complete 
| 263|0x0000000090700000, 0x0000000090800000, 0x0000000090800000|100%| E|CS|TAMS 0x0000000090700000, 0x0000000090700000| Complete 
| 264|0x0000000090800000, 0x0000000090900000, 0x0000000090900000|100%| O|  |TAMS 0x0000000090900000, 0x0000000090800000| Untracked 
| 265|0x0000000090900000, 0x0000000090a00000, 0x0000000090a00000|100%| E|CS|TAMS 0x0000000090900000, 0x0000000090900000| Complete 
| 266|0x0000000090a00000, 0x0000000090b00000, 0x0000000090b00000|100%| O|  |TAMS 0x0000000090b00000, 0x0000000090a00000| Untracked 
| 267|0x0000000090b00000, 0x0000000090c00000, 0x0000000090c00000|100%| O|  |TAMS 0x0000000090c00000, 0x0000000090b00000| Untracked 
| 268|0x0000000090c00000, 0x0000000090d00000, 0x0000000090d00000|100%| O|  |TAMS 0x0000000090d00000, 0x0000000090c00000| Untracked 
| 269|0x0000000090d00000, 0x0000000090e00000, 0x0000000090e00000|100%| O|  |TAMS 0x0000000090e00000, 0x0000000090d00000| Untracked 
| 270|0x0000000090e00000, 0x0000000090f00000, 0x0000000090f00000|100%| O|  |TAMS 0x0000000090f00000, 0x0000000090e00000| Untracked 
| 271|0x0000000090f00000, 0x0000000091000000, 0x0000000091000000|100%| O|  |TAMS 0x0000000091000000, 0x0000000090f00000| Untracked 
| 272|0x0000000091000000, 0x0000000091100000, 0x0000000091100000|100%| O|  |TAMS 0x0000000091100000, 0x0000000091000000| Untracked 
| 273|0x0000000091100000, 0x0000000091200000, 0x0000000091200000|100%| O|  |TAMS 0x0000000091200000, 0x0000000091100000| Untracked 
| 274|0x0000000091200000, 0x0000000091300000, 0x0000000091300000|100%| O|  |TAMS 0x0000000091300000, 0x0000000091200000| Untracked 
| 275|0x0000000091300000, 0x0000000091400000, 0x0000000091400000|100%| O|  |TAMS 0x0000000091400000, 0x0000000091300000| Untracked 
| 276|0x0000000091400000, 0x0000000091500000, 0x0000000091500000|100%| O|  |TAMS 0x0000000091500000, 0x0000000091400000| Untracked 
| 277|0x0000000091500000, 0x0000000091600000, 0x0000000091600000|100%| O|  |TAMS 0x0000000091600000, 0x0000000091500000| Untracked 
| 278|0x0000000091600000, 0x0000000091700000, 0x0000000091700000|100%| O|  |TAMS 0x0000000091700000, 0x0000000091600000| Untracked 
| 279|0x0000000091700000, 0x0000000091800000, 0x0000000091800000|100%| O|  |TAMS 0x0000000091800000, 0x0000000091700000| Untracked 
| 280|0x0000000091800000, 0x0000000091900000, 0x0000000091900000|100%| O|  |TAMS 0x0000000091900000, 0x0000000091800000| Untracked 
| 281|0x0000000091900000, 0x0000000091a00000, 0x0000000091a00000|100%| O|  |TAMS 0x0000000091a00000, 0x0000000091900000| Untracked 
| 282|0x0000000091a00000, 0x0000000091b00000, 0x0000000091b00000|100%| O|  |TAMS 0x0000000091b00000, 0x0000000091a00000| Untracked 
| 283|0x0000000091b00000, 0x0000000091c00000, 0x0000000091c00000|100%| O|  |TAMS 0x0000000091c00000, 0x0000000091b00000| Untracked 
| 284|0x0000000091c00000, 0x0000000091d00000, 0x0000000091d00000|100%| E|CS|TAMS 0x0000000091c00000, 0x0000000091c00000| Complete 
| 285|0x0000000091d00000, 0x0000000091e00000, 0x0000000091e00000|100%| O|  |TAMS 0x0000000091e00000, 0x0000000091d00000| Untracked 
| 286|0x0000000091e00000, 0x0000000091f00000, 0x0000000091f00000|100%| O|  |TAMS 0x0000000091f00000, 0x0000000091e00000| Untracked 
| 287|0x0000000091f00000, 0x0000000092000000, 0x0000000092000000|100%| O|  |TAMS 0x0000000092000000, 0x0000000091f00000| Untracked 
| 288|0x0000000092000000, 0x0000000092100000, 0x0000000092100000|100%| O|  |TAMS 0x0000000092100000, 0x0000000092000000| Untracked 
| 289|0x0000000092100000, 0x0000000092200000, 0x0000000092200000|100%| O|  |TAMS 0x00000000921f4400, 0x0000000092100000| Untracked 
| 290|0x0000000092200000, 0x0000000092300000, 0x0000000092300000|100%| E|CS|TAMS 0x0000000092200000, 0x0000000092200000| Complete 
| 291|0x0000000092300000, 0x0000000092400000, 0x0000000092400000|100%| E|CS|TAMS 0x0000000092300000, 0x0000000092300000| Complete 
| 292|0x0000000092400000, 0x0000000092500000, 0x0000000092500000|100%| E|CS|TAMS 0x0000000092400000, 0x0000000092400000| Complete 
| 293|0x0000000092500000, 0x0000000092600000, 0x0000000092600000|100%| E|CS|TAMS 0x0000000092500000, 0x0000000092500000| Complete 
| 294|0x0000000092600000, 0x0000000092700000, 0x0000000092700000|100%| E|CS|TAMS 0x0000000092600000, 0x0000000092600000| Complete 
| 295|0x0000000092700000, 0x0000000092800000, 0x0000000092800000|100%| E|CS|TAMS 0x0000000092700000, 0x0000000092700000| Complete 
| 296|0x0000000092800000, 0x0000000092900000, 0x0000000092900000|100%| E|CS|TAMS 0x0000000092800000, 0x0000000092800000| Complete 
| 297|0x0000000092900000, 0x0000000092a00000, 0x0000000092a00000|100%| E|CS|TAMS 0x0000000092900000, 0x0000000092900000| Complete 
| 298|0x0000000092a00000, 0x0000000092b00000, 0x0000000092b00000|100%| E|CS|TAMS 0x0000000092a00000, 0x0000000092a00000| Complete 
| 299|0x0000000092b00000, 0x0000000092c00000, 0x0000000092c00000|100%| E|CS|TAMS 0x0000000092b00000, 0x0000000092b00000| Complete 
| 300|0x0000000092c00000, 0x0000000092d00000, 0x0000000092d00000|100%| E|CS|TAMS 0x0000000092c00000, 0x0000000092c00000| Complete 
| 301|0x0000000092d00000, 0x0000000092e00000, 0x0000000092e00000|100%| E|CS|TAMS 0x0000000092d00000, 0x0000000092d00000| Complete 
| 302|0x0000000092e00000, 0x0000000092f00000, 0x0000000092f00000|100%| E|CS|TAMS 0x0000000092e00000, 0x0000000092e00000| Complete 
| 303|0x0000000092f00000, 0x0000000093000000, 0x0000000093000000|100%| E|CS|TAMS 0x0000000092f00000, 0x0000000092f00000| Complete 
| 304|0x0000000093000000, 0x0000000093100000, 0x0000000093100000|100%| E|CS|TAMS 0x0000000093000000, 0x0000000093000000| Complete 
| 305|0x0000000093100000, 0x0000000093200000, 0x0000000093200000|100%| E|CS|TAMS 0x0000000093100000, 0x0000000093100000| Complete 
| 306|0x0000000093200000, 0x0000000093300000, 0x0000000093300000|100%| E|CS|TAMS 0x0000000093200000, 0x0000000093200000| Complete 
| 307|0x0000000093300000, 0x0000000093400000, 0x0000000093400000|100%| E|CS|TAMS 0x0000000093300000, 0x0000000093300000| Complete 
| 308|0x0000000093400000, 0x0000000093500000, 0x0000000093500000|100%| E|CS|TAMS 0x0000000093400000, 0x0000000093400000| Complete 
| 309|0x0000000093500000, 0x0000000093600000, 0x0000000093600000|100%| E|CS|TAMS 0x0000000093500000, 0x0000000093500000| Complete 
| 310|0x0000000093600000, 0x0000000093700000, 0x0000000093700000|100%| E|CS|TAMS 0x0000000093600000, 0x0000000093600000| Complete 
| 311|0x0000000093700000, 0x0000000093800000, 0x0000000093800000|100%| E|CS|TAMS 0x0000000093700000, 0x0000000093700000| Complete 
| 312|0x0000000093800000, 0x0000000093900000, 0x0000000093900000|100%| E|CS|TAMS 0x0000000093800000, 0x0000000093800000| Complete 
| 313|0x0000000093900000, 0x0000000093a00000, 0x0000000093a00000|100%| E|CS|TAMS 0x0000000093900000, 0x0000000093900000| Complete 
| 314|0x0000000093a00000, 0x0000000093b00000, 0x0000000093b00000|100%| E|CS|TAMS 0x0000000093a00000, 0x0000000093a00000| Complete 
| 315|0x0000000093b00000, 0x0000000093c00000, 0x0000000093c00000|100%| E|CS|TAMS 0x0000000093b00000, 0x0000000093b00000| Complete 
| 316|0x0000000093c00000, 0x0000000093d00000, 0x0000000093d00000|100%| E|CS|TAMS 0x0000000093c00000, 0x0000000093c00000| Complete 
| 317|0x0000000093d00000, 0x0000000093e00000, 0x0000000093e00000|100%| E|CS|TAMS 0x0000000093d00000, 0x0000000093d00000| Complete 
| 318|0x0000000093e00000, 0x0000000093f00000, 0x0000000093f00000|100%| E|CS|TAMS 0x0000000093e00000, 0x0000000093e00000| Complete 
| 319|0x0000000093f00000, 0x0000000094000000, 0x0000000094000000|100%| E|CS|TAMS 0x0000000093f00000, 0x0000000093f00000| Complete 
| 320|0x0000000094000000, 0x0000000094100000, 0x0000000094100000|100%| E|CS|TAMS 0x0000000094000000, 0x0000000094000000| Complete 
| 321|0x0000000094100000, 0x0000000094200000, 0x0000000094200000|100%| E|CS|TAMS 0x0000000094100000, 0x0000000094100000| Complete 
| 322|0x0000000094200000, 0x0000000094300000, 0x0000000094300000|100%| E|CS|TAMS 0x0000000094200000, 0x0000000094200000| Complete 
| 323|0x0000000094300000, 0x0000000094400000, 0x0000000094400000|100%| E|CS|TAMS 0x0000000094300000, 0x0000000094300000| Complete 
| 324|0x0000000094400000, 0x0000000094500000, 0x0000000094500000|100%| E|CS|TAMS 0x0000000094400000, 0x0000000094400000| Complete 

Card table byte_map: [0x0000028cba4f0000,0x0000028cba8f0000] _byte_map_base: 0x0000028cba0f0000

Marking Bits (Prev, Next): (CMBitMap*) 0x0000028ca1c25cd0, (CMBitMap*) 0x0000028ca1c25c98
 Prev Bits: [0x0000028cbccf0000, 0x0000028cbecf0000)
 Next Bits: [0x0000028cbacf0000, 0x0000028cbccf0000)

Polling page: 0x0000028ca19e0000

Metaspace:

Usage:
  Non-class:    113.48 MB capacity,   111.09 MB ( 98%) used,     1.91 MB (  2%) free+waste,   482.31 KB ( <1%) overhead. 
      Class:     17.04 MB capacity,    15.57 MB ( 91%) used,     1.25 MB (  7%) free+waste,   216.56 KB (  1%) overhead. 
       Both:    130.51 MB capacity,   126.66 MB ( 97%) used,     3.17 MB (  2%) free+waste,   698.88 KB ( <1%) overhead. 

Virtual space:
  Non-class space:      114.00 MB reserved,     113.68 MB (>99%) committed 
      Class space:        1.00 GB reserved,      17.08 MB (  2%) committed 
             Both:        1.11 GB reserved,     130.76 MB ( 11%) committed 

Chunk freelists:
   Non-Class:  0 bytes
       Class:  0 bytes
        Both:  0 bytes

CodeHeap 'non-profiled nmethods': size=120064Kb used=18570Kb max_used=18605Kb free=101493Kb
 bounds [0x0000028cb2590000, 0x0000028cb37c0000, 0x0000028cb9ad0000]
CodeHeap 'profiled nmethods': size=120000Kb used=52504Kb max_used=53547Kb free=67495Kb
 bounds [0x0000028cab060000, 0x0000028cae500000, 0x0000028cb2590000]
CodeHeap 'non-nmethods': size=5696Kb used=2368Kb max_used=2436Kb free=3327Kb
 bounds [0x0000028caaad0000, 0x0000028caad40000, 0x0000028cab060000]
 total_blobs=24811 nmethods=23820 adapters=900
 compilation: enabled
              stopped_count=0, restarted_count=0
 full_count=0

Compilation events (10 events):
Event: 2095.034 Thread 0x0000028cc1304800 nmethod 28748 0x0000028caca31990 code [0x0000028caca31be0, 0x0000028caca324c8]
Event: 2095.040 Thread 0x0000028cc1304800 28750       3       com.android.build.gradle.internal.aapt.WorkerExecutorResourceCompilationService::submitCompile (18 bytes)
Event: 2095.040 Thread 0x0000028cc1304800 nmethod 28750 0x0000028caca36b10 code [0x0000028caca36d20, 0x0000028caca37368]
Event: 2095.045 Thread 0x0000028cc8591800 nmethod 28749 0x0000028cb3139390 code [0x0000028cb3139520, 0x0000028cb3139a98]
Event: 2095.045 Thread 0x0000028cc8591800 28751       4       org.gradle.internal.classpath.Instrumented$$Lambda$370/0x00000001004fe840::systemPropertyQueried (7 bytes)
Event: 2095.045 Thread 0x0000028cc8591800 nmethod 28751 0x0000028cb3139110 code [0x0000028cb3139280, 0x0000028cb31392d8]
Event: 2095.089 Thread 0x0000028cc1304800 28752   !   3       com.google.common.cache.LocalCache$LoadingValueReference::loadFuture (125 bytes)
Event: 2095.091 Thread 0x0000028cc1304800 nmethod 28752 0x0000028cacb1bb10 code [0x0000028cacb1bf00, 0x0000028cacb1dbd8]
Event: 2095.098 Thread 0x0000028cc1304800 28753       3       java.io.OutputStreamWriter::append (34 bytes)
Event: 2095.099 Thread 0x0000028cc1304800 nmethod 28753 0x0000028caca4a210 code [0x0000028caca4a420, 0x0000028caca4ab48]

GC Heap History (10 events):
Event: 2037.551 GC heap before
{Heap before GC invocations=83 (full 0):
 garbage-first heap   total 332800K, used 263900K [0x0000000080000000, 0x0000000100000000)
  region size 1024K, 82 young (83968K), 7 survivors (7168K)
 Metaspace       used 128592K, capacity 132205K, committed 132360K, reserved 1165312K
  class space    used 15818K, capacity 17197K, committed 17232K, reserved 1048576K
}
Event: 2037.571 GC heap after
{Heap after GC invocations=84 (full 0):
 garbage-first heap   total 332800K, used 175647K [0x0000000080000000, 0x0000000100000000)
  region size 1024K, 7 young (7168K), 7 survivors (7168K)
 Metaspace       used 128592K, capacity 132205K, committed 132360K, reserved 1165312K
  class space    used 15818K, capacity 17197K, committed 17232K, reserved 1048576K
}
Event: 2038.455 GC heap before
{Heap before GC invocations=84 (full 0):
 garbage-first heap   total 332800K, used 258591K [0x0000000080000000, 0x0000000100000000)
  region size 1024K, 85 young (87040K), 7 survivors (7168K)
 Metaspace       used 128695K, capacity 132276K, committed 132360K, reserved 1165312K
  class space    used 15818K, capacity 17198K, committed 17232K, reserved 1048576K
}
Event: 2038.468 GC heap after
{Heap after GC invocations=85 (full 0):
 garbage-first heap   total 332800K, used 182208K [0x0000000080000000, 0x0000000100000000)
  region size 1024K, 8 young (8192K), 8 survivors (8192K)
 Metaspace       used 128695K, capacity 132276K, committed 132360K, reserved 1165312K
  class space    used 15818K, capacity 17198K, committed 17232K, reserved 1048576K
}
Event: 2079.663 GC heap before
{Heap before GC invocations=85 (full 0):
 garbage-first heap   total 332800K, used 272320K [0x0000000080000000, 0x0000000100000000)
  region size 1024K, 84 young (86016K), 8 survivors (8192K)
 Metaspace       used 128750K, capacity 132286K, committed 132360K, reserved 1165312K
  class space    used 15819K, capacity 17199K, committed 17232K, reserved 1048576K
}
Event: 2079.665 GC heap after
{Heap after GC invocations=86 (full 0):
 garbage-first heap   total 332800K, used 173909K [0x0000000080000000, 0x0000000100000000)
  region size 1024K, 1 young (1024K), 1 survivors (1024K)
 Metaspace       used 128750K, capacity 132286K, committed 132360K, reserved 1165312K
  class space    used 15819K, capacity 17199K, committed 17232K, reserved 1048576K
}
Event: 2083.563 GC heap before
{Heap before GC invocations=86 (full 0):
 garbage-first heap   total 332800K, used 280405K [0x0000000080000000, 0x0000000100000000)
  region size 1024K, 89 young (91136K), 1 survivors (1024K)
 Metaspace       used 129101K, capacity 132806K, committed 133000K, reserved 1165312K
  class space    used 15847K, capacity 17266K, committed 17360K, reserved 1048576K
}
Event: 2083.573 GC heap after
{Heap after GC invocations=87 (full 0):
 garbage-first heap   total 332800K, used 178755K [0x0000000080000000, 0x0000000100000000)
  region size 1024K, 6 young (6144K), 6 survivors (6144K)
 Metaspace       used 129101K, capacity 132806K, committed 133000K, reserved 1165312K
  class space    used 15847K, capacity 17266K, committed 17360K, reserved 1048576K
}
Event: 2094.571 GC heap before
{Heap before GC invocations=87 (full 0):
 garbage-first heap   total 332800K, used 268867K [0x0000000080000000, 0x0000000100000000)
  region size 1024K, 92 young (94208K), 6 survivors (6144K)
 Metaspace       used 129668K, capacity 133646K, committed 133896K, reserved 1165312K
  class space    used 15946K, capacity 17448K, committed 17488K, reserved 1048576K
}
Event: 2094.591 GC heap after
{Heap after GC invocations=88 (full 0):
 garbage-first heap   total 332800K, used 193528K [0x0000000080000000, 0x0000000100000000)
  region size 1024K, 12 young (12288K), 12 survivors (12288K)
 Metaspace       used 129668K, capacity 133646K, committed 133896K, reserved 1165312K
  class space    used 15946K, capacity 17448K, committed 17488K, reserved 1048576K
}

Deoptimization events (10 events):
Event: 2083.451 Thread 0x0000028ccd7ab800 Uncommon trap: reason=class_check action=maybe_recompile pc=0x0000028cb328e648 method=org.gradle.internal.logging.sink.OutputEventTransformer.onOutput(Lorg/gradle/internal/logging/events/OutputEvent;)V @ 371 c2
Event: 2083.451 Thread 0x0000028ccd7ab800 Uncommon trap: reason=unstable_if action=reinterpret pc=0x0000028cb35f97dc method=org.gradle.internal.logging.sink.LogEventDispatcher.onOutput(Lorg/gradle/internal/logging/events/OutputEvent;)V @ 35 c2
Event: 2083.683 Thread 0x0000028ccd7a8000 Uncommon trap: reason=unstable_if action=reinterpret pc=0x0000028cb2ee3074 method=java.io.ObjectStreamClass$FieldReflector.getPrimFieldValues(Ljava/lang/Object;[B)V @ 44 c2
Event: 2083.690 Thread 0x0000028ccd7a8000 Uncommon trap: reason=unstable_if action=reinterpret pc=0x0000028cb2eefe5c method=java.io.ObjectStreamField.getSignature()Ljava/lang/String; @ 4 c2
Event: 2083.694 Thread 0x0000028ccd7a8000 Uncommon trap: reason=unstable_if action=reinterpret pc=0x0000028cb2bf3578 method=org.gradle.internal.io.StreamByteBuffer$StreamByteBufferOutputStream.write([BII)V @ 49 c2
Event: 2083.706 Thread 0x0000028ccd7a8000 Uncommon trap: reason=null_check action=make_not_entrant pc=0x0000028cb2757d70 method=java.lang.ThreadLocal$ThreadLocalMap.expungeStaleEntry(I)I @ 51 c2
Event: 2093.554 Thread 0x0000028ccd7a8000 Uncommon trap: reason=intrinsic_or_type_checked_inlining action=make_not_entrant pc=0x0000028cb2dfc6f0 method=com.google.common.collect.RegularImmutableSet.copyIntoArray([Ljava/lang/Object;I)I @ 12 c2
Event: 2094.721 Thread 0x0000028ccd7a8000 Uncommon trap: reason=unstable_if action=reinterpret pc=0x0000028cb276d6d0 method=com.ctc.wstx.io.UTF8Reader.read([CII)I @ 109 c2
Event: 2094.721 Thread 0x0000028ccd7a8000 Uncommon trap: reason=unstable_if action=reinterpret pc=0x0000028cb27c9618 method=com.ctc.wstx.sr.BasicStreamReader.next()I @ 284 c2
Event: 2094.789 Thread 0x0000028ccd7a8000 Uncommon trap: reason=class_check action=maybe_recompile pc=0x0000028cb2f9ed10 method=org.apache.xerces.dom.ElementImpl.normalize()V @ 144 c2

Classes redefined (0 events):
No events

Internal exceptions (10 events):
Event: 2083.485 Thread 0x0000028ccd7a8000 Exception <a 'sun/nio/fs/WindowsException'{0x000000008d15dfd0}> (0x000000008d15dfd0) thrown at [./open/src/hotspot/share/prims/jni.cpp, line 611]
Event: 2083.485 Thread 0x0000028ccd7a8000 Exception <a 'sun/nio/fs/WindowsException'{0x000000008d15f908}> (0x000000008d15f908) thrown at [./open/src/hotspot/share/prims/jni.cpp, line 611]
Event: 2083.706 Thread 0x0000028ccd7a8000 Implicit null exception at 0x0000028cb27578d1 to 0x0000028cb2757d50
Event: 2093.522 Thread 0x0000028ccd7a8000 Exception <a 'sun/nio/fs/WindowsException'{0x0000000092c5e110}> (0x0000000092c5e110) thrown at [./open/src/hotspot/share/prims/jni.cpp, line 611]
Event: 2093.572 Thread 0x0000028ccd7a8000 Exception <a 'java/lang/NoClassDefFoundError'{0x00000000929cfb70}: org/jetbrains/kotlin/gradle/plugin/KotlinBasePluginWrapper> (0x00000000929cfb70) thrown at [./open/src/hotspot/share/oops/constantPool.cpp, line 770]
Event: 2093.605 Thread 0x0000028ccd7a8000 Exception <a 'sun/nio/fs/WindowsException'{0x00000000928fd1d0}> (0x00000000928fd1d0) thrown at [./open/src/hotspot/share/prims/jni.cpp, line 611]
Event: 2093.616 Thread 0x0000028ccd7a8000 Exception <a 'sun/nio/fs/WindowsException'{0x000000009279e000}> (0x000000009279e000) thrown at [./open/src/hotspot/share/prims/jni.cpp, line 611]
Event: 2093.617 Thread 0x0000028ccd7a8000 Exception <a 'sun/nio/fs/WindowsException'{0x000000009279f360}> (0x000000009279f360) thrown at [./open/src/hotspot/share/prims/jni.cpp, line 611]
Event: 2093.618 Thread 0x0000028ccd7a8000 Exception <a 'sun/nio/fs/WindowsException'{0x00000000927a0710}> (0x00000000927a0710) thrown at [./open/src/hotspot/share/prims/jni.cpp, line 611]
Event: 2093.618 Thread 0x0000028ccd7a8000 Exception <a 'sun/nio/fs/WindowsException'{0x00000000927a1ac0}> (0x00000000927a1ac0) thrown at [./open/src/hotspot/share/prims/jni.cpp, line 611]

Events (10 events):
Event: 2094.728 Thread 0x0000028ccd7a8000 DEOPT UNPACKING pc=0x0000028caaaf6d5e sp=0x000000d7803f6788 mode 0
Event: 2094.740 Thread 0x0000028ccd7a8000 DEOPT PACKING pc=0x0000028cac9f02a1 sp=0x000000d7803f70f0
Event: 2094.740 Thread 0x0000028ccd7a8000 DEOPT UNPACKING pc=0x0000028caaaf6d5e sp=0x000000d7803f6638 mode 0
Event: 2094.772 Thread 0x0000028cc4144800 Thread added: 0x0000028cc4144800
Event: 2094.773 Executing VM operation: RevokeBias
Event: 2094.773 Executing VM operation: RevokeBias done
Event: 2094.789 Thread 0x0000028ccd7a8000 Uncommon trap: trap_request=0xffffffde fr.pc=0x0000028cb2f9ed10 relative=0x00000000000012b0
Event: 2094.789 Thread 0x0000028ccd7a8000 DEOPT PACKING pc=0x0000028cb2f9ed10 sp=0x000000d7803f7490
Event: 2094.789 Thread 0x0000028ccd7a8000 DEOPT UNPACKING pc=0x0000028caaaf65af sp=0x000000d7803f7478 mode 2
Event: 2094.790 Thread 0x0000028cc8591800 Thread added: 0x0000028cc8591800


Dynamic libraries:
0x00007ff667c40000 - 0x00007ff667c4f000 	C:\Program Files\Java\jdk-11.0.15\bin\java.exe
0x00007ff9b3b70000 - 0x00007ff9b3d65000 	C:\Windows\SYSTEM32\ntdll.dll
0x00007ff9b3320000 - 0x00007ff9b33dd000 	C:\Windows\System32\KERNEL32.DLL
0x00007ff9b16b0000 - 0x00007ff9b197d000 	C:\Windows\System32\KERNELBASE.dll
0x00007ff9b12b0000 - 0x00007ff9b13b0000 	C:\Windows\System32\ucrtbase.dll
0x00007ff9ab420000 - 0x00007ff9ab435000 	C:\Program Files\Java\jdk-11.0.15\bin\VCRUNTIME140.dll
0x00007ff99e720000 - 0x00007ff99e738000 	C:\Program Files\Java\jdk-11.0.15\bin\jli.dll
0x00007ff9b3040000 - 0x00007ff9b30ee000 	C:\Windows\System32\ADVAPI32.dll
0x00007ff9b1bc0000 - 0x00007ff9b1c5e000 	C:\Windows\System32\msvcrt.dll
0x00007ff9b1cc0000 - 0x00007ff9b1d5c000 	C:\Windows\System32\sechost.dll
0x00007ff9b2d60000 - 0x00007ff9b2e85000 	C:\Windows\System32\RPCRT4.dll
0x00007ff9b3100000 - 0x00007ff9b32a0000 	C:\Windows\System32\USER32.dll
0x00007ff99bcd0000 - 0x00007ff99bf6a000 	C:\Windows\WinSxS\amd64_microsoft.windows.common-controls_6595b64144ccf1df_6.0.19041.1110_none_60b5254171f9507e\COMCTL32.dll
0x00007ff9b3aa0000 - 0x00007ff9b3aca000 	C:\Windows\System32\GDI32.dll
0x00007ff9b13b0000 - 0x00007ff9b13d2000 	C:\Windows\System32\win32u.dll
0x00007ff9b15a0000 - 0x00007ff9b16ab000 	C:\Windows\System32\gdi32full.dll
0x00007ff9b1490000 - 0x00007ff9b152d000 	C:\Windows\System32\msvcp_win.dll
0x00007ff9a74c0000 - 0x00007ff9a74ca000 	C:\Windows\SYSTEM32\VERSION.dll
0x00007ff9b21f0000 - 0x00007ff9b2220000 	C:\Windows\System32\IMM32.DLL
0x00007ff99bb30000 - 0x00007ff99bbcb000 	C:\Program Files\Java\jdk-11.0.15\bin\msvcp140.dll
0x00007ff969580000 - 0x00007ff96a096000 	C:\Program Files\Java\jdk-11.0.15\bin\server\jvm.dll
0x00007ff9b30f0000 - 0x00007ff9b30f8000 	C:\Windows\System32\PSAPI.DLL
0x00007ff9a7490000 - 0x00007ff9a74b7000 	C:\Windows\SYSTEM32\WINMM.dll
0x00007ff9abf00000 - 0x00007ff9abf09000 	C:\Windows\SYSTEM32\WSOCK32.dll
0x00007ff9b2220000 - 0x00007ff9b228b000 	C:\Windows\System32\WS2_32.dll
0x00007ff9af1a0000 - 0x00007ff9af1b2000 	C:\Windows\SYSTEM32\kernel.appcore.dll
0x00007ff9abde0000 - 0x00007ff9abdf0000 	C:\Program Files\Java\jdk-11.0.15\bin\verify.dll
0x00007ff9a39b0000 - 0x00007ff9a3b94000 	C:\Windows\SYSTEM32\DBGHELP.DLL
0x00007ff99cc00000 - 0x00007ff99cc2c000 	C:\Windows\SYSTEM32\dbgcore.DLL
0x00007ff9b19d0000 - 0x00007ff9b1a52000 	C:\Windows\System32\bcryptPrimitives.dll
0x00007ff99e6f0000 - 0x00007ff99e718000 	C:\Program Files\Java\jdk-11.0.15\bin\java.dll
0x00007ff9ab7e0000 - 0x00007ff9ab7ea000 	C:\Program Files\Java\jdk-11.0.15\bin\jimage.dll
0x00007ff99bc80000 - 0x00007ff99bc96000 	C:\Program Files\Java\jdk-11.0.15\bin\zip.dll
0x00007ff9b2290000 - 0x00007ff9b29d4000 	C:\Windows\System32\SHELL32.dll
0x00007ff9af3a0000 - 0x00007ff9afb34000 	C:\Windows\SYSTEM32\windows.storage.dll
0x00007ff9b29e0000 - 0x00007ff9b2d34000 	C:\Windows\System32\combase.dll
0x00007ff9b0ce0000 - 0x00007ff9b0d0c000 	C:\Windows\SYSTEM32\Wldp.dll
0x00007ff9b3860000 - 0x00007ff9b390d000 	C:\Windows\System32\SHCORE.dll
0x00007ff9b3a40000 - 0x00007ff9b3a95000 	C:\Windows\System32\shlwapi.dll
0x00007ff9b11c0000 - 0x00007ff9b11df000 	C:\Windows\SYSTEM32\profapi.dll
0x00007ff99bc60000 - 0x00007ff99bc79000 	C:\Program Files\Java\jdk-11.0.15\bin\net.dll
0x00007ff9a9dc0000 - 0x00007ff9a9eca000 	C:\Windows\SYSTEM32\WINHTTP.dll
0x00007ff9b0a40000 - 0x00007ff9b0aaa000 	C:\Windows\system32\mswsock.dll
0x00007ff99bc40000 - 0x00007ff99bc52000 	C:\Program Files\Java\jdk-11.0.15\bin\nio.dll
0x00007ff994310000 - 0x00007ff994337000 	C:\Users\arpo1\.gradle\native\e1d6ef7f7dcc3fd88c89a11ec53ec762bb8ba0a96d01ffa2cd45eb1d1d8dd5c5\windows-amd64\native-platform.dll
0x00007ff980c50000 - 0x00007ff980d94000 	C:\Users\arpo1\.gradle\native\5664cfc778a61ccfe75a443a1ab52a65af34e5dc3c78e0209fed803814484fcb\windows-amd64\native-platform-file-events.dll
0x00007ff9a44f0000 - 0x00007ff9a44f9000 	C:\Program Files\Java\jdk-11.0.15\bin\management.dll
0x00007ff99e690000 - 0x00007ff99e69b000 	C:\Program Files\Java\jdk-11.0.15\bin\management_ext.dll
0x00007ff9b0c30000 - 0x00007ff9b0c48000 	C:\Windows\SYSTEM32\CRYPTSP.dll
0x00007ff9b0350000 - 0x00007ff9b0384000 	C:\Windows\system32\rsaenh.dll
0x00007ff9b1280000 - 0x00007ff9b12a7000 	C:\Windows\System32\bcrypt.dll
0x00007ff9b1180000 - 0x00007ff9b11ae000 	C:\Windows\SYSTEM32\USERENV.dll
0x00007ff9b0c50000 - 0x00007ff9b0c5c000 	C:\Windows\SYSTEM32\CRYPTBASE.dll
0x00007ff9b06e0000 - 0x00007ff9b071b000 	C:\Windows\SYSTEM32\IPHLPAPI.DLL
0x00007ff9b2020000 - 0x00007ff9b2028000 	C:\Windows\System32\NSI.dll
0x00007ff9ab2b0000 - 0x00007ff9ab2c7000 	C:\Windows\SYSTEM32\dhcpcsvc6.DLL
0x00007ff9ab290000 - 0x00007ff9ab2ad000 	C:\Windows\SYSTEM32\dhcpcsvc.DLL
0x00007ff9b0730000 - 0x00007ff9b07fb000 	C:\Windows\SYSTEM32\DNSAPI.dll
0x00007ff9aff80000 - 0x00007ff9affb3000 	C:\Windows\SYSTEM32\ntmarta.dll
0x00007ff9aa210000 - 0x00007ff9aa235000 	C:\Program Files\Java\jdk-11.0.15\bin\sunec.dll

dbghelp: loaded successfully - version: 4.0.5 - missing functions: none
symbol engine: initialized successfully - sym options: 0x614 - pdb path: .;C:\Program Files\Java\jdk-11.0.15\bin;C:\Windows\SYSTEM32;C:\Windows\WinSxS\amd64_microsoft.windows.common-controls_6595b64144ccf1df_6.0.19041.1110_none_60b5254171f9507e;C:\Program Files\Java\jdk-11.0.15\bin\server;C:\Users\arpo1\.gradle\native\e1d6ef7f7dcc3fd88c89a11ec53ec762bb8ba0a96d01ffa2cd45eb1d1d8dd5c5\windows-amd64;C:\Users\arpo1\.gradle\native\5664cfc778a61ccfe75a443a1ab52a65af34e5dc3c78e0209fed803814484fcb\windows-amd64

VM Arguments:
jvm_args: --add-opens=java.base/java.util=ALL-UNNAMED --add-opens=java.base/java.lang=ALL-UNNAMED --add-opens=java.base/java.lang.invoke=ALL-UNNAMED --add-opens=java.base/java.util=ALL-UNNAMED --add-opens=java.prefs/java.util.prefs=ALL-UNNAMED --add-opens=java.prefs/java.util.prefs=ALL-UNNAMED --add-opens=java.base/java.nio.charset=ALL-UNNAMED --add-opens=java.base/java.net=ALL-UNNAMED --add-opens=java.base/java.util.concurrent.atomic=ALL-UNNAMED -Xmx2048m -Dfile.encoding=UTF-8 -Duser.country=ID -Duser.language=en -Duser.variant 
java_command: org.gradle.launcher.daemon.bootstrap.GradleDaemon 7.3.3
java_class_path (initial): C:\Users\arpo1\.gradle\wrapper\dists\gradle-7.3.3-bin\6a41zxkdtcxs8rphpq6y0069z\gradle-7.3.3\lib\gradle-launcher-7.3.3.jar
Launcher Type: SUN_STANDARD

[Global flags]
     intx CICompilerCount                          = 3                                         {product} {ergonomic}
     uint ConcGCThreads                            = 1                                         {product} {ergonomic}
     uint G1ConcRefinementThreads                  = 4                                         {product} {ergonomic}
   size_t G1HeapRegionSize                         = 1048576                                   {product} {ergonomic}
    uintx GCDrainStackTargetSize                   = 64                                        {product} {ergonomic}
   size_t InitialHeapSize                          = 134217728                                 {product} {ergonomic}
   size_t MarkStackSize                            = 4194304                                   {product} {ergonomic}
   size_t MaxHeapSize                              = 2147483648                                {product} {command line}
   size_t MaxNewSize                               = 1287651328                                {product} {ergonomic}
   size_t MinHeapDeltaBytes                        = 1048576                                   {product} {ergonomic}
    uintx NonNMethodCodeHeapSize                   = 5830732                                {pd product} {ergonomic}
    uintx NonProfiledCodeHeapSize                  = 122913754                              {pd product} {ergonomic}
    uintx ProfiledCodeHeapSize                     = 122913754                              {pd product} {ergonomic}
    uintx ReservedCodeCacheSize                    = 251658240                              {pd product} {ergonomic}
     bool SegmentedCodeCache                       = true                                      {product} {ergonomic}
     bool UseCompressedClassPointers               = true                                 {lp64_product} {ergonomic}
     bool UseCompressedOops                        = true                                 {lp64_product} {ergonomic}
     bool UseG1GC                                  = true                                      {product} {ergonomic}
     bool UseLargePagesIndividualAllocation        = false                                  {pd product} {ergonomic}

Logging:
Log output configuration:
 #0: stdout all=warning uptime,level,tags
 #1: stderr all=off uptime,level,tags

Environment Variables:
PATH=C:\Program Files\Common Files\Oracle\Java\javapath;C:\Program Files (x86)\Common Files\Oracle\Java\javapath;C:\Windows\system32;C:\Windows;C:\Windows\System32\Wbem;C:\Windows\System32\WindowsPowerShell\v1.0\;C:\Windows\System32\OpenSSH\;C:\Program Files\Cloudflare\Cloudflare WARP\;C:\Program Files (x86)\dotnet\;C:\Program Files\Git\cmd;C:\Users\arpo1\AppData\Local\Microsoft\WindowsApps;;C:\Users\arpo1\AppData\Local\Programs\Microsoft VS Code\bin;C:\Users\arpo1\AppData\Local\Programs\VSC\bin
USERNAME=arpo1
OS=Windows_NT
PROCESSOR_IDENTIFIER=Intel64 Family 6 Model 42 Stepping 7, GenuineIntel



---------------  S Y S T E M  ---------------

OS: Windows 10 , 64 bit Build 19041 (10.0.19041.1706)

CPU:total 4 (initial active 4) (4 cores per cpu, 1 threads per core) family 6 model 42 stepping 7 microcode 0x2f, cmov, cx8, fxsr, mmx, sse, sse2, sse3, ssse3, sse4.1, sse4.2, popcnt, avx, aes, clmul, tsc, tscinvbit

Memory: 4k page, system-wide physical 8160M (1303M free)
TotalPageFile size 17344M (AvailPageFile size 3730M)
current process WorkingSet (physical memory assigned to process): 644M, peak: 717M
current process commit charge ("private bytes"): 730M, peak: 750M

vm_info: Java HotSpot(TM) 64-Bit Server VM (11.0.15+8-LTS-149) for windows-amd64 JRE (11.0.15+8-LTS-149), built on Mar  9 2022 22:42:32 by "mach5one" with MS VC++ 15.9 (VS2017)

END.
